[298771:0112/141135:4409469717305:INFO:noc_quic_appserver.cc(446)] HandleL2AuthReq, host_id: 157425, version: 1, begin
[298771:0112/141135:4409469717313:INFO:noc_quic_appserver.cc(454)] HandleL2AuthReq, host_id: 157425, version: 1, QueryL2Pincode
[298771:0112/141135:4409469717321:INFO:noc_quic_appserver.cc(233)] QueryL2Pincode, host_id: 157425, version: 1
[298771:0112/141135:4409469987879:INFO:noc_quic_appserver.cc(462)] HandleL2AuthReq, host_id: 157425, version: 1, pincode: 219a29eae4ad
[298771:0112/141135:4409469987903:INFO:noc_quic_appserver.cc(280)] VerifyL2AuthReq, host_id: 157425, version: 1
[298771:0112/141135:4409470032247:INFO:noc_quic_encrypter_if.cc(92)] GenerateDeviceAuthDataForProvision, device_host_id: 157425, pin: 219a29eae4ad, device_nonce: a541248ac6b9866323ed8099019192925f98d29ac8a1b7923f8585fbf654e8a9, device_pub_key: ced989f81635b8998af784759968ba4306f219d1d80455977b829e635344647d, out_data_s: 2c19a91df6a67e2d4fa1fa6c651e513c25831343ad1e3fc329246bed95c8c27f
[298771:0112/141135:4409470032277:INFO:noc_quic_appserver.cc(307)] CalculateMasterKey, host_id: 157425, version: 1
[298771:0112/141135:4409470034111:INFO:noc_quic_appserver.cc(338)] SaveMasterKey, host_id: 157425, version: 1
[298771:0112/141135:4409470034162:INFO:table_host_conn_sqlite.cc(88)] TableHostConnSqlite::UpdateImpl, id: 676135226623307, client_host_id: 157425, server_host_id: 50507, layer: 2, qos: 0, cipher_suite: 0
[298771:0112/141135:4409470034404:INFO:table_host_conn_sqlite.cc(43)] TableHostConnSqlite::InsertImpl, id: 676135226623307, client_host_id: 157425, server_host_id: 50507, layer: 2, qos: 0, cipher_suite: 0
[298771:0112/141135:4409470037185:INFO:noc_quic_appserver.cc(473)] HandleL2AuthReq, host_id: 157425, version: 1, CreateAndSendL2AuthSuccessResp
[298771:0112/141135:4409470037214:INFO:noc_quic_appserver.cc(410)] CreateL2AuthSuccessResp, host_id: 157425, version: 1
[298771:0112/141135:4409470064307:INFO:noc_quic_appserver.cc(475)] HandleL2AuthReq, host_id: 157425, version: 1, end
[298771:0112/141153:4409487639230:INFO:noc_quic_appserver.cc(641)] HandleDeviceInfoIndication, host_id: 157425, begin
[298771:0112/141153:4409487641086:INFO:noc_quic_appserver.cc(666)] HandleDeviceInfoIndication, host_id: 157425, UploadDeviceInfoToEap
[298771:0112/141154:4409489104604:INFO:noc_quic_appserver.cc(668)] HandleDeviceInfoIndication, host_id: 157425, UploadDeviceInfoToEap return
[298771:0112/141154:4409489104615:INFO:noc_quic_appserver.cc(670)] HandleDeviceInfoIndication, host_id: 157425, CreateAndSendDeviceInfoSuccessConfirmation
[298771:0112/141154:4409489104658:INFO:noc_quic_appserver.cc(672)] HandleDeviceInfoIndication, host_id: 157425, end
[298816:0112/141216:4409510574027:VERBOSE1:(0)] [T= 69686313] [2017-01-12-14-12-16-210:966][EAP_service.cc(178)][NexusDns:ServiceWorker] [INNER]  EAPServiceWorker::DoConfirmPolicyVersion host_id: 157425, confirm_device_security_policy_version begin
[298816:0112/141216:4409510582150:VERBOSE1:(0)] [T= 69686321] [2017-01-12-14-12-16-219:87][EAP_service.cc(180)][NexusDns:ServiceWorker] [INNER]  EAPServiceWorker::DoConfirmPolicyVersion host_id: 157425, confirm_device_security_policy_version end
[298818:0112/141216:4409510638131:VERBOSE1:(0)] [T= 69686372] [2017-01-12-14-12-16-275:79][EAP_service.cc(302)][EAPRPCService:RPCThread] [INNER]  EAPRpcService::OnDevicePolicyUpdated host_id: 157425, Version: [s-1:v-1482742323144]
[298818:0112/141216:4409510638234:VERBOSE1:(0)] [T= 69686372] [2017-01-12-14-12-16-275:139][EAP_service.cc(60)][EAPService:UpdateRequest] [INNER]  EAPPolicyUpdatedRequest Constructor, device_host_id: 157425, policy_set_id: 1, policy_set_version: 1482742323144, len: 9012, policy_set_content: [{"policy_set_id":1,"name":"com.senlime.compliance.basic","description":"合规检查","params":{"valid_check_space":"720"},"target_type":0,"created":1482473990000,"updated":1482473990000,"is_enabled":true},{"policy_set_id":1,"name":"com.senlime.compliance.connection","description":"连接性验证","params":{"max_offline_time":"1d","check_fail_op":"2","delay_apply_time":"0"},"target_type":0,"created":1482473990000,"updated":1482473990000,"is_enabled":true},{"policy_set_id":1,"name":"com.senlime.compliance.encryption","description":"数据加密验证","params":{"disable_no_enable_data_encryption_device":true,"check_fail_op":"3","delay_apply_time":"0"},"target_type":0,"created":1482473990000,"updated":1482473990000,"is_enabled":true},{"policy_set_id":1,"name":"com.senl
[298816:0112/141216:4409510638401:VERBOSE1:(0)] [T= 69686372] [2017-01-12-14-12-16-275:305][EAP_service.cc(84)][EAPService:UpdateRequest] [INNER]  EAPPolicyUpdatedRequest::ToBuffer, device_host_id: 157425, policy_set_id: 1, policy_set_version: 1482742323144, len: 9012, policy_set_content: [{"policy_set_id":1,"name":"com.senlime.compliance.basic","description":"合规检查","params":{"valid_check_space":"720"},"target_type":0,"created":1482473990000,"updated":1482473990000,"is_enabled":true},{"policy_set_id":1,"name":"com.senlime.compliance.connection","description":"连接性验证","params":{"max_offline_time":"1d","check_fail_op":"2","delay_apply_time":"0"},"target_type":0,"created":1482473990000,"updated":1482473990000,"is_enabled":true},{"policy_set_id":1,"name":"com.senlime.compliance.encryption","description":"数据加密验证","params":{"disable_no_enable_data_encryption_device":true,"check_fail_op":"3","delay_apply_time":"0"},"target_type":0,"created":1482473990000,"updated":1482473990000,"is_enabled":true},{"policy_set_id":1,"name":"com.senlim
[298816:0112/141216:4409510638470:VERBOSE1:(0)] [T= 69686373] [2017-01-12-14-12-16-275:375][EAP_service.cc(103)][EAPService:UpdateRequest] [INNER]  EAPPolicyUpdatedRequest::ToBuffer, buf len: 9032, device_host_id: 157425, policy_set_id: 1, policy_set_version: 1482742323144, policy_set_content: [{"policy_set_id":1,"name":"com.senlime.compliance.basic","description":"合规检查","params":{"valid_check_space":"720"},"target_type":0,"created":1482473990000,"updated":1482473990000,"is_enabled":true},{"policy_set_id":1,"name":"com.senlime.compliance.connection","description":"连接性验证","params":{"max_offline_time":"1d","check_fail_op":"2","delay_apply_time":"0"},"target_type":0,"created":1482473990000,"updated":1482473990000,"is_enabled":true},{"policy_set_id":1,"name":"com.senlime.compliance.encryption","description":"数据加密验证","params":{"disable_no_enable_data_encryption_device":true,"check_fail_op":"3","delay_apply_time":"0"},"target_type":0,"created":1482473990000,"updated":1482473990000,"is_enabled":true},{"policy_set_id":1,"name":"com.s
[298816:0112/141216:4409510836797:VERBOSE1:(0)] [T= 69686556] [2017-01-12-14-12-16-473:745][EAP_service.cc(178)][NexusDns:ServiceWorker] [INNER]  EAPServiceWorker::DoConfirmPolicyVersion host_id: 157425, confirm_device_security_policy_version begin
[298816:0112/141216:4409510842075:VERBOSE1:(0)] [T= 69686561] [2017-01-12-14-12-16-479:14][EAP_service.cc(180)][NexusDns:ServiceWorker] [INNER]  EAPServiceWorker::DoConfirmPolicyVersion host_id: 157425, confirm_device_security_policy_version end
