[298771:0112/141137:4409472032584:INFO:noc_quic_appserver.cc(446)] HandleL2AuthReq, host_id: 157433, version: 1, begin
[298771:0112/141137:4409472032592:INFO:noc_quic_appserver.cc(454)] HandleL2AuthReq, host_id: 157433, version: 1, QueryL2Pincode
[298771:0112/141137:4409472032599:INFO:noc_quic_appserver.cc(233)] QueryL2Pincode, host_id: 157433, version: 1
[298771:0112/141137:4409472308792:INFO:noc_quic_appserver.cc(462)] HandleL2AuthReq, host_id: 157433, version: 1, pincode: 006b97533b40
[298771:0112/141137:4409472308820:INFO:noc_quic_appserver.cc(280)] VerifyL2AuthReq, host_id: 157433, version: 1
[298771:0112/141137:4409472334022:INFO:noc_quic_encrypter_if.cc(92)] GenerateDeviceAuthDataForProvision, device_host_id: 157433, pin: 006b97533b40, device_nonce: 746583df36001b77f06349e2dd2707058db0836a6d496fcf755b00203540dab0, device_pub_key: 0eb9ff40bbe6bc37d63e608787ef06d6256d64b727adaa37b6e6ba5c02b53115, out_data_s: 89fccca52c80b1d8ae0c4bafc4552a38e7808b5f3b2f5f558f5339ec12b7f54f
[298771:0112/141137:4409472334042:INFO:noc_quic_appserver.cc(307)] CalculateMasterKey, host_id: 157433, version: 1
[298771:0112/141137:4409472335696:INFO:noc_quic_appserver.cc(338)] SaveMasterKey, host_id: 157433, version: 1
[298771:0112/141137:4409472335718:INFO:table_host_conn_sqlite.cc(88)] TableHostConnSqlite::UpdateImpl, id: 676169586361675, client_host_id: 157433, server_host_id: 50507, layer: 2, qos: 0, cipher_suite: 0
[298771:0112/141137:4409472335813:INFO:table_host_conn_sqlite.cc(43)] TableHostConnSqlite::InsertImpl, id: 676169586361675, client_host_id: 157433, server_host_id: 50507, layer: 2, qos: 0, cipher_suite: 0
[298771:0112/141137:4409472337719:INFO:noc_quic_appserver.cc(473)] HandleL2AuthReq, host_id: 157433, version: 1, CreateAndSendL2AuthSuccessResp
[298771:0112/141137:4409472337743:INFO:noc_quic_appserver.cc(410)] CreateL2AuthSuccessResp, host_id: 157433, version: 1
[298771:0112/141137:4409472362839:INFO:noc_quic_appserver.cc(475)] HandleL2AuthReq, host_id: 157433, version: 1, end
[298771:0112/141205:4409499748707:INFO:noc_quic_appserver.cc(641)] HandleDeviceInfoIndication, host_id: 157433, begin
[298771:0112/141205:4409499750564:INFO:noc_quic_appserver.cc(666)] HandleDeviceInfoIndication, host_id: 157433, UploadDeviceInfoToEap
[298771:0112/141207:4409501670674:INFO:noc_quic_appserver.cc(668)] HandleDeviceInfoIndication, host_id: 157433, UploadDeviceInfoToEap return
[298771:0112/141207:4409501670686:INFO:noc_quic_appserver.cc(670)] HandleDeviceInfoIndication, host_id: 157433, CreateAndSendDeviceInfoSuccessConfirmation
[298771:0112/141207:4409501670731:INFO:noc_quic_appserver.cc(672)] HandleDeviceInfoIndication, host_id: 157433, end
[298816:0112/141216:4409510690331:VERBOSE1:(0)] [T= 69686420] [2017-01-12-14-12-16-327:261][EAP_service.cc(178)][NexusDns:ServiceWorker] [INNER]  EAPServiceWorker::DoConfirmPolicyVersion host_id: 157433, confirm_device_security_policy_version begin
[298816:0112/141216:4409510696505:VERBOSE1:(0)] [T= 69686426] [2017-01-12-14-12-16-333:444][EAP_service.cc(180)][NexusDns:ServiceWorker] [INNER]  EAPServiceWorker::DoConfirmPolicyVersion host_id: 157433, confirm_device_security_policy_version end
[298818:0112/141216:4409510752798:VERBOSE1:(0)] [T= 69686478] [2017-01-12-14-12-16-389:746][EAP_service.cc(302)][EAPRPCService:RPCThread] [INNER]  EAPRpcService::OnDevicePolicyUpdated host_id: 157433, Version: [s-1:v-1482742323144]
[298818:0112/141216:4409510752971:VERBOSE1:(0)] [T= 69686478] [2017-01-12-14-12-16-389:875][EAP_service.cc(60)][EAPService:UpdateRequest] [INNER]  EAPPolicyUpdatedRequest Constructor, device_host_id: 157433, policy_set_id: 1, policy_set_version: 1482742323144, len: 9012, policy_set_content: [{"policy_set_id":1,"name":"com.senlime.compliance.basic","description":"合规检查","params":{"valid_check_space":"720"},"target_type":0,"created":1482473990000,"updated":1482473990000,"is_enabled":true},{"policy_set_id":1,"name":"com.senlime.compliance.connection","description":"连接性验证","params":{"max_offline_time":"1d","check_fail_op":"2","delay_apply_time":"0"},"target_type":0,"created":1482473990000,"updated":1482473990000,"is_enabled":true},{"policy_set_id":1,"name":"com.senlime.compliance.encryption","description":"数据加密验证","params":{"disable_no_enable_data_encryption_device":true,"check_fail_op":"3","delay_apply_time":"0"},"target_type":0,"created":1482473990000,"updated":1482473990000,"is_enabled":true},{"policy_set_id":1,"name":"com.senl
[298816:0112/141216:4409510757324:VERBOSE1:(0)] [T= 69686482] [2017-01-12-14-12-16-394:192][EAP_service.cc(84)][EAPService:UpdateRequest] [INNER]  EAPPolicyUpdatedRequest::ToBuffer, device_host_id: 157433, policy_set_id: 1, policy_set_version: 1482742323144, len: 9012, policy_set_content: [{"policy_set_id":1,"name":"com.senlime.compliance.basic","description":"合规检查","params":{"valid_check_space":"720"},"target_type":0,"created":1482473990000,"updated":1482473990000,"is_enabled":true},{"policy_set_id":1,"name":"com.senlime.compliance.connection","description":"连接性验证","params":{"max_offline_time":"1d","check_fail_op":"2","delay_apply_time":"0"},"target_type":0,"created":1482473990000,"updated":1482473990000,"is_enabled":true},{"policy_set_id":1,"name":"com.senlime.compliance.encryption","description":"数据加密验证","params":{"disable_no_enable_data_encryption_device":true,"check_fail_op":"3","delay_apply_time":"0"},"target_type":0,"created":1482473990000,"updated":1482473990000,"is_enabled":true},{"policy_set_id":1,"name":"com.senlim
[298816:0112/141216:4409510757434:VERBOSE1:(0)] [T= 69686482] [2017-01-12-14-12-16-394:299][EAP_service.cc(103)][EAPService:UpdateRequest] [INNER]  EAPPolicyUpdatedRequest::ToBuffer, buf len: 9032, device_host_id: 157433, policy_set_id: 1, policy_set_version: 1482742323144, policy_set_content: [{"policy_set_id":1,"name":"com.senlime.compliance.basic","description":"合规检查","params":{"valid_check_space":"720"},"target_type":0,"created":1482473990000,"updated":1482473990000,"is_enabled":true},{"policy_set_id":1,"name":"com.senlime.compliance.connection","description":"连接性验证","params":{"max_offline_time":"1d","check_fail_op":"2","delay_apply_time":"0"},"target_type":0,"created":1482473990000,"updated":1482473990000,"is_enabled":true},{"policy_set_id":1,"name":"com.senlime.compliance.encryption","description":"数据加密验证","params":{"disable_no_enable_data_encryption_device":true,"check_fail_op":"3","delay_apply_time":"0"},"target_type":0,"created":1482473990000,"updated":1482473990000,"is_enabled":true},{"policy_set_id":1,"name":"com.s
[298816:0112/141216:4409510842147:VERBOSE1:(0)] [T= 69686561] [2017-01-12-14-12-16-479:96][EAP_service.cc(178)][NexusDns:ServiceWorker] [INNER]  EAPServiceWorker::DoConfirmPolicyVersion host_id: 157433, confirm_device_security_policy_version begin
[298816:0112/141216:4409510847428:VERBOSE1:(0)] [T= 69686565] [2017-01-12-14-12-16-484:369][EAP_service.cc(180)][NexusDns:ServiceWorker] [INNER]  EAPServiceWorker::DoConfirmPolicyVersion host_id: 157433, confirm_device_security_policy_version end
