[298771:0112/141135:4409470064987:INFO:noc_quic_appserver.cc(446)] HandleL2AuthReq, host_id: 157424, version: 1, begin
[298771:0112/141135:4409470064996:INFO:noc_quic_appserver.cc(454)] HandleL2AuthReq, host_id: 157424, version: 1, QueryL2Pincode
[298771:0112/141135:4409470065004:INFO:noc_quic_appserver.cc(233)] QueryL2Pincode, host_id: 157424, version: 1
[298771:0112/141135:4409470336564:INFO:noc_quic_appserver.cc(462)] HandleL2AuthReq, host_id: 157424, version: 1, pincode: 289e7d74a914
[298771:0112/141135:4409470336595:INFO:noc_quic_appserver.cc(280)] VerifyL2AuthReq, host_id: 157424, version: 1
[298771:0112/141135:4409470361446:INFO:noc_quic_encrypter_if.cc(92)] GenerateDeviceAuthDataForProvision, device_host_id: 157424, pin: 289e7d74a914, device_nonce: d95e113632edd63846f8d0b71d262b2f601beedd22ad908d58fa769b46835a3a, device_pub_key: 7c9cf7d15248c29a468beef3028272e4e9e324a977dae0e968b00ea1ca8c032d, out_data_s: 7d2fe0da3bda9fbac76bfe6c7303c0a95eca8c61d5fd7868f7716c1d225480e5
[298771:0112/141135:4409470361464:INFO:noc_quic_appserver.cc(307)] CalculateMasterKey, host_id: 157424, version: 1
[298771:0112/141135:4409470363194:INFO:noc_quic_appserver.cc(338)] SaveMasterKey, host_id: 157424, version: 1
[298771:0112/141135:4409470363220:INFO:table_host_conn_sqlite.cc(88)] TableHostConnSqlite::UpdateImpl, id: 676130931656011, client_host_id: 157424, server_host_id: 50507, layer: 2, qos: 0, cipher_suite: 0
[298771:0112/141135:4409470363372:INFO:table_host_conn_sqlite.cc(43)] TableHostConnSqlite::InsertImpl, id: 676130931656011, client_host_id: 157424, server_host_id: 50507, layer: 2, qos: 0, cipher_suite: 0
[298771:0112/141135:4409470365545:INFO:noc_quic_appserver.cc(473)] HandleL2AuthReq, host_id: 157424, version: 1, CreateAndSendL2AuthSuccessResp
[298771:0112/141135:4409470365563:INFO:noc_quic_appserver.cc(410)] CreateL2AuthSuccessResp, host_id: 157424, version: 1
[298771:0112/141136:4409470391110:INFO:noc_quic_appserver.cc(475)] HandleL2AuthReq, host_id: 157424, version: 1, end
[298771:0112/141154:4409489106827:INFO:noc_quic_appserver.cc(641)] HandleDeviceInfoIndication, host_id: 157424, begin
[298771:0112/141154:4409489109023:INFO:noc_quic_appserver.cc(666)] HandleDeviceInfoIndication, host_id: 157424, UploadDeviceInfoToEap
[298771:0112/141156:4409491042280:INFO:noc_quic_appserver.cc(668)] HandleDeviceInfoIndication, host_id: 157424, UploadDeviceInfoToEap return
[298771:0112/141156:4409491042292:INFO:noc_quic_appserver.cc(670)] HandleDeviceInfoIndication, host_id: 157424, CreateAndSendDeviceInfoSuccessConfirmation
[298771:0112/141156:4409491042333:INFO:noc_quic_appserver.cc(672)] HandleDeviceInfoIndication, host_id: 157424, end
[298816:0112/141212:4409506932160:VERBOSE1:(0)] [T= 69682975] [2017-01-12-14-12-12-569:98][EAP_service.cc(178)][NexusDns:ServiceWorker] [INNER]  EAPServiceWorker::DoConfirmPolicyVersion host_id: 157424, confirm_device_security_policy_version begin
[298816:0112/141212:4409506952895:VERBOSE1:(0)] [T= 69682994] [2017-01-12-14-12-12-589:824][EAP_service.cc(180)][NexusDns:ServiceWorker] [INNER]  EAPServiceWorker::DoConfirmPolicyVersion host_id: 157424, confirm_device_security_policy_version end
[298818:0112/141212:4409507014507:VERBOSE1:(0)] [T= 69683050] [2017-01-12-14-12-12-651:455][EAP_service.cc(302)][EAPRPCService:RPCThread] [INNER]  EAPRpcService::OnDevicePolicyUpdated host_id: 157424, Version: [s-1:v-1482742323144]
[298818:0112/141212:4409507014698:VERBOSE1:(0)] [T= 69683050] [2017-01-12-14-12-12-651:573][EAP_service.cc(60)][EAPService:UpdateRequest] [INNER]  EAPPolicyUpdatedRequest Constructor, device_host_id: 157424, policy_set_id: 1, policy_set_version: 1482742323144, len: 9012, policy_set_content: [{"policy_set_id":1,"name":"com.senlime.compliance.basic","description":"合规检查","params":{"valid_check_space":"720"},"target_type":0,"created":1482473990000,"updated":1482473990000,"is_enabled":true},{"policy_set_id":1,"name":"com.senlime.compliance.connection","description":"连接性验证","params":{"max_offline_time":"1d","check_fail_op":"2","delay_apply_time":"0"},"target_type":0,"created":1482473990000,"updated":1482473990000,"is_enabled":true},{"policy_set_id":1,"name":"com.senlime.compliance.encryption","description":"数据加密验证","params":{"disable_no_enable_data_encryption_device":true,"check_fail_op":"3","delay_apply_time":"0"},"target_type":0,"created":1482473990000,"updated":1482473990000,"is_enabled":true},{"policy_set_id":1,"name":"com.senl
[298816:0112/141212:4409507014823:VERBOSE1:(0)] [T= 69683051] [2017-01-12-14-12-12-651:730][EAP_service.cc(84)][EAPService:UpdateRequest] [INNER]  EAPPolicyUpdatedRequest::ToBuffer, device_host_id: 157424, policy_set_id: 1, policy_set_version: 1482742323144, len: 9012, policy_set_content: [{"policy_set_id":1,"name":"com.senlime.compliance.basic","description":"合规检查","params":{"valid_check_space":"720"},"target_type":0,"created":1482473990000,"updated":1482473990000,"is_enabled":true},{"policy_set_id":1,"name":"com.senlime.compliance.connection","description":"连接性验证","params":{"max_offline_time":"1d","check_fail_op":"2","delay_apply_time":"0"},"target_type":0,"created":1482473990000,"updated":1482473990000,"is_enabled":true},{"policy_set_id":1,"name":"com.senlime.compliance.encryption","description":"数据加密验证","params":{"disable_no_enable_data_encryption_device":true,"check_fail_op":"3","delay_apply_time":"0"},"target_type":0,"created":1482473990000,"updated":1482473990000,"is_enabled":true},{"policy_set_id":1,"name":"com.senlim
[298816:0112/141212:4409507014885:VERBOSE1:(0)] [T= 69683051] [2017-01-12-14-12-12-651:790][EAP_service.cc(103)][EAPService:UpdateRequest] [INNER]  EAPPolicyUpdatedRequest::ToBuffer, buf len: 9032, device_host_id: 157424, policy_set_id: 1, policy_set_version: 1482742323144, policy_set_content: [{"policy_set_id":1,"name":"com.senlime.compliance.basic","description":"合规检查","params":{"valid_check_space":"720"},"target_type":0,"created":1482473990000,"updated":1482473990000,"is_enabled":true},{"policy_set_id":1,"name":"com.senlime.compliance.connection","description":"连接性验证","params":{"max_offline_time":"1d","check_fail_op":"2","delay_apply_time":"0"},"target_type":0,"created":1482473990000,"updated":1482473990000,"is_enabled":true},{"policy_set_id":1,"name":"com.senlime.compliance.encryption","description":"数据加密验证","params":{"disable_no_enable_data_encryption_device":true,"check_fail_op":"3","delay_apply_time":"0"},"target_type":0,"created":1482473990000,"updated":1482473990000,"is_enabled":true},{"policy_set_id":1,"name":"com.s
[298816:0112/141212:4409507166644:VERBOSE1:(0)] [T= 69683190] [2017-01-12-14-12-12-803:589][EAP_service.cc(178)][NexusDns:ServiceWorker] [INNER]  EAPServiceWorker::DoConfirmPolicyVersion host_id: 157424, confirm_device_security_policy_version begin
[298816:0112/141212:4409507174016:VERBOSE1:(0)] [T= 69683197] [2017-01-12-14-12-12-810:955][EAP_service.cc(180)][NexusDns:ServiceWorker] [INNER]  EAPServiceWorker::DoConfirmPolicyVersion host_id: 157424, confirm_device_security_policy_version end
