[298771:0112/141136:4409471056435:INFO:noc_quic_appserver.cc(446)] HandleL2AuthReq, host_id: 157421, version: 1, begin
[298771:0112/141136:4409471056443:INFO:noc_quic_appserver.cc(454)] HandleL2AuthReq, host_id: 157421, version: 1, QueryL2Pincode
[298771:0112/141136:4409471056450:INFO:noc_quic_appserver.cc(233)] QueryL2Pincode, host_id: 157421, version: 1
[298771:0112/141136:4409471326762:INFO:noc_quic_appserver.cc(462)] HandleL2AuthReq, host_id: 157421, version: 1, pincode: 4c82239ff699
[298771:0112/141136:4409471326778:INFO:noc_quic_appserver.cc(280)] VerifyL2AuthReq, host_id: 157421, version: 1
[298771:0112/141136:4409471351453:INFO:noc_quic_encrypter_if.cc(92)] GenerateDeviceAuthDataForProvision, device_host_id: 157421, pin: 4c82239ff699, device_nonce: 631e7e66feb7662d9453b07206c20504e7b70c60b1c9206726d694fd60a19960, device_pub_key: 121273970884ad52a906a015db5475f351782eac1440e3fca54648471eaaac44, out_data_s: dbd78c22d491b9e85f23693a743a0a1beaadb25f1235418a4707b70fe00fc18d
[298771:0112/141136:4409471351469:INFO:noc_quic_appserver.cc(307)] CalculateMasterKey, host_id: 157421, version: 1
[298771:0112/141136:4409471353146:INFO:noc_quic_appserver.cc(338)] SaveMasterKey, host_id: 157421, version: 1
[298771:0112/141136:4409471353169:INFO:table_host_conn_sqlite.cc(88)] TableHostConnSqlite::UpdateImpl, id: 676118046754123, client_host_id: 157421, server_host_id: 50507, layer: 2, qos: 0, cipher_suite: 0
[298771:0112/141136:4409471353269:INFO:table_host_conn_sqlite.cc(43)] TableHostConnSqlite::InsertImpl, id: 676118046754123, client_host_id: 157421, server_host_id: 50507, layer: 2, qos: 0, cipher_suite: 0
[298771:0112/141136:4409471355071:INFO:noc_quic_appserver.cc(473)] HandleL2AuthReq, host_id: 157421, version: 1, CreateAndSendL2AuthSuccessResp
[298771:0112/141136:4409471355093:INFO:noc_quic_appserver.cc(410)] CreateL2AuthSuccessResp, host_id: 157421, version: 1
[298771:0112/141137:4409471380018:INFO:noc_quic_appserver.cc(475)] HandleL2AuthReq, host_id: 157421, version: 1, end
[298771:0112/141200:4409494889260:INFO:noc_quic_appserver.cc(641)] HandleDeviceInfoIndication, host_id: 157421, begin
[298771:0112/141200:4409494891061:INFO:noc_quic_appserver.cc(666)] HandleDeviceInfoIndication, host_id: 157421, UploadDeviceInfoToEap
[298771:0112/141201:4409496266336:INFO:noc_quic_appserver.cc(668)] HandleDeviceInfoIndication, host_id: 157421, UploadDeviceInfoToEap return
[298771:0112/141201:4409496266355:INFO:noc_quic_appserver.cc(670)] HandleDeviceInfoIndication, host_id: 157421, CreateAndSendDeviceInfoSuccessConfirmation
[298771:0112/141201:4409496266398:INFO:noc_quic_appserver.cc(672)] HandleDeviceInfoIndication, host_id: 157421, end
[298816:0112/141216:4409510757885:VERBOSE1:(0)] [T= 69686483] [2017-01-12-14-12-16-394:820][EAP_service.cc(178)][NexusDns:ServiceWorker] [INNER]  EAPServiceWorker::DoConfirmPolicyVersion host_id: 157421, confirm_device_security_policy_version begin
[298816:0112/141216:4409510763663:VERBOSE1:(0)] [T= 69686488] [2017-01-12-14-12-16-400:599][EAP_service.cc(180)][NexusDns:ServiceWorker] [INNER]  EAPServiceWorker::DoConfirmPolicyVersion host_id: 157421, confirm_device_security_policy_version end
[298818:0112/141216:4409510829547:VERBOSE1:(0)] [T= 69686549] [2017-01-12-14-12-16-466:493][EAP_service.cc(302)][EAPRPCService:RPCThread] [INNER]  EAPRpcService::OnDevicePolicyUpdated host_id: 157421, Version: [s-1:v-1482742323144]
[298818:0112/141216:4409510829668:VERBOSE1:(0)] [T= 69686549] [2017-01-12-14-12-16-466:571][EAP_service.cc(60)][EAPService:UpdateRequest] [INNER]  EAPPolicyUpdatedRequest Constructor, device_host_id: 157421, policy_set_id: 1, policy_set_version: 1482742323144, len: 9012, policy_set_content: [{"policy_set_id":1,"name":"com.senlime.compliance.basic","description":"合规检查","params":{"valid_check_space":"720"},"target_type":0,"created":1482473990000,"updated":1482473990000,"is_enabled":true},{"policy_set_id":1,"name":"com.senlime.compliance.connection","description":"连接性验证","params":{"max_offline_time":"1d","check_fail_op":"2","delay_apply_time":"0"},"target_type":0,"created":1482473990000,"updated":1482473990000,"is_enabled":true},{"policy_set_id":1,"name":"com.senlime.compliance.encryption","description":"数据加密验证","params":{"disable_no_enable_data_encryption_device":true,"check_fail_op":"3","delay_apply_time":"0"},"target_type":0,"created":1482473990000,"updated":1482473990000,"is_enabled":true},{"policy_set_id":1,"name":"com.senl
[298816:0112/141216:4409510832320:VERBOSE1:(0)] [T= 69686552] [2017-01-12-14-12-16-469:220][EAP_service.cc(84)][EAPService:UpdateRequest] [INNER]  EAPPolicyUpdatedRequest::ToBuffer, device_host_id: 157421, policy_set_id: 1, policy_set_version: 1482742323144, len: 9012, policy_set_content: [{"policy_set_id":1,"name":"com.senlime.compliance.basic","description":"合规检查","params":{"valid_check_space":"720"},"target_type":0,"created":1482473990000,"updated":1482473990000,"is_enabled":true},{"policy_set_id":1,"name":"com.senlime.compliance.connection","description":"连接性验证","params":{"max_offline_time":"1d","check_fail_op":"2","delay_apply_time":"0"},"target_type":0,"created":1482473990000,"updated":1482473990000,"is_enabled":true},{"policy_set_id":1,"name":"com.senlime.compliance.encryption","description":"数据加密验证","params":{"disable_no_enable_data_encryption_device":true,"check_fail_op":"3","delay_apply_time":"0"},"target_type":0,"created":1482473990000,"updated":1482473990000,"is_enabled":true},{"policy_set_id":1,"name":"com.senlim
[298816:0112/141216:4409510832383:VERBOSE1:(0)] [T= 69686552] [2017-01-12-14-12-16-469:288][EAP_service.cc(103)][EAPService:UpdateRequest] [INNER]  EAPPolicyUpdatedRequest::ToBuffer, buf len: 9032, device_host_id: 157421, policy_set_id: 1, policy_set_version: 1482742323144, policy_set_content: [{"policy_set_id":1,"name":"com.senlime.compliance.basic","description":"合规检查","params":{"valid_check_space":"720"},"target_type":0,"created":1482473990000,"updated":1482473990000,"is_enabled":true},{"policy_set_id":1,"name":"com.senlime.compliance.connection","description":"连接性验证","params":{"max_offline_time":"1d","check_fail_op":"2","delay_apply_time":"0"},"target_type":0,"created":1482473990000,"updated":1482473990000,"is_enabled":true},{"policy_set_id":1,"name":"com.senlime.compliance.encryption","description":"数据加密验证","params":{"disable_no_enable_data_encryption_device":true,"check_fail_op":"3","delay_apply_time":"0"},"target_type":0,"created":1482473990000,"updated":1482473990000,"is_enabled":true},{"policy_set_id":1,"name":"com.s
[298816:0112/141216:4409510907657:VERBOSE1:(0)] [T= 69686621] [2017-01-12-14-12-16-544:605][EAP_service.cc(178)][NexusDns:ServiceWorker] [INNER]  EAPServiceWorker::DoConfirmPolicyVersion host_id: 157421, confirm_device_security_policy_version begin
[298816:0112/141216:4409510914152:VERBOSE1:(0)] [T= 69686627] [2017-01-12-14-12-16-551:94][EAP_service.cc(180)][NexusDns:ServiceWorker] [INNER]  EAPServiceWorker::DoConfirmPolicyVersion host_id: 157421, confirm_device_security_policy_version end
