[298771:0112/141138:4409472677737:INFO:noc_quic_appserver.cc(446)] HandleL2AuthReq, host_id: 157438, version: 1, begin
[298771:0112/141138:4409472677745:INFO:noc_quic_appserver.cc(454)] HandleL2AuthReq, host_id: 157438, version: 1, QueryL2Pincode
[298771:0112/141138:4409472677753:INFO:noc_quic_appserver.cc(233)] QueryL2Pincode, host_id: 157438, version: 1
[298771:0112/141138:4409472934032:INFO:noc_quic_appserver.cc(462)] HandleL2AuthReq, host_id: 157438, version: 1, pincode: 6e691a8edf3e
[298771:0112/141138:4409472934049:INFO:noc_quic_appserver.cc(280)] VerifyL2AuthReq, host_id: 157438, version: 1
[298771:0112/141138:4409472959145:INFO:noc_quic_encrypter_if.cc(92)] GenerateDeviceAuthDataForProvision, device_host_id: 157438, pin: 6e691a8edf3e, device_nonce: 1e72bbbfc7843a7d6219e630705912f5dbfa437b10262a048bb681f1bfd545db, device_pub_key: 05301464b2a2932777372d5df5f4c2d151c6705324770d3c954179a30e24c010, out_data_s: 0f2bd650a8d97e7770f9bf4ab2994ca1ee0dcfcce7ecf01a7ea8fe5a4610560b
[298771:0112/141138:4409472959162:INFO:noc_quic_appserver.cc(307)] CalculateMasterKey, host_id: 157438, version: 1
[298771:0112/141138:4409472960863:INFO:noc_quic_appserver.cc(338)] SaveMasterKey, host_id: 157438, version: 1
[298771:0112/141138:4409472960889:INFO:table_host_conn_sqlite.cc(88)] TableHostConnSqlite::UpdateImpl, id: 676191061198155, client_host_id: 157438, server_host_id: 50507, layer: 2, qos: 0, cipher_suite: 0
[298771:0112/141138:4409472961007:INFO:table_host_conn_sqlite.cc(43)] TableHostConnSqlite::InsertImpl, id: 676191061198155, client_host_id: 157438, server_host_id: 50507, layer: 2, qos: 0, cipher_suite: 0
[298771:0112/141138:4409472962872:INFO:noc_quic_appserver.cc(473)] HandleL2AuthReq, host_id: 157438, version: 1, CreateAndSendL2AuthSuccessResp
[298771:0112/141138:4409472962896:INFO:noc_quic_appserver.cc(410)] CreateL2AuthSuccessResp, host_id: 157438, version: 1
[298771:0112/141138:4409472987504:INFO:noc_quic_appserver.cc(475)] HandleL2AuthReq, host_id: 157438, version: 1, end
[298771:0112/141208:4409503365869:INFO:noc_quic_appserver.cc(641)] HandleDeviceInfoIndication, host_id: 157438, begin
[298771:0112/141208:4409503367509:INFO:noc_quic_appserver.cc(666)] HandleDeviceInfoIndication, host_id: 157438, UploadDeviceInfoToEap
[298771:0112/141210:4409505051051:INFO:noc_quic_appserver.cc(668)] HandleDeviceInfoIndication, host_id: 157438, UploadDeviceInfoToEap return
[298771:0112/141210:4409505051063:INFO:noc_quic_appserver.cc(670)] HandleDeviceInfoIndication, host_id: 157438, CreateAndSendDeviceInfoSuccessConfirmation
[298771:0112/141210:4409505051105:INFO:noc_quic_appserver.cc(672)] HandleDeviceInfoIndication, host_id: 157438, end
[298816:0112/141216:4409510510278:VERBOSE1:(0)] [T= 69686255] [2017-01-12-14-12-16-147:226][EAP_service.cc(178)][NexusDns:ServiceWorker] [INNER]  EAPServiceWorker::DoConfirmPolicyVersion host_id: 157438, confirm_device_security_policy_version begin
[298816:0112/141216:4409510518877:VERBOSE1:(0)] [T= 69686262] [2017-01-12-14-12-16-155:815][EAP_service.cc(180)][NexusDns:ServiceWorker] [INNER]  EAPServiceWorker::DoConfirmPolicyVersion host_id: 157438, confirm_device_security_policy_version end
[298818:0112/141216:4409510590445:VERBOSE1:(0)] [T= 69686328] [2017-01-12-14-12-16-227:389][EAP_service.cc(302)][EAPRPCService:RPCThread] [INNER]  EAPRpcService::OnDevicePolicyUpdated host_id: 157438, Version: [s-1:v-1482742323144]
[298818:0112/141216:4409510590593:VERBOSE1:(0)] [T= 69686328] [2017-01-12-14-12-16-227:488][EAP_service.cc(60)][EAPService:UpdateRequest] [INNER]  EAPPolicyUpdatedRequest Constructor, device_host_id: 157438, policy_set_id: 1, policy_set_version: 1482742323144, len: 9012, policy_set_content: [{"policy_set_id":1,"name":"com.senlime.compliance.basic","description":"合规检查","params":{"valid_check_space":"720"},"target_type":0,"created":1482473990000,"updated":1482473990000,"is_enabled":true},{"policy_set_id":1,"name":"com.senlime.compliance.connection","description":"连接性验证","params":{"max_offline_time":"1d","check_fail_op":"2","delay_apply_time":"0"},"target_type":0,"created":1482473990000,"updated":1482473990000,"is_enabled":true},{"policy_set_id":1,"name":"com.senlime.compliance.encryption","description":"数据加密验证","params":{"disable_no_enable_data_encryption_device":true,"check_fail_op":"3","delay_apply_time":"0"},"target_type":0,"created":1482473990000,"updated":1482473990000,"is_enabled":true},{"policy_set_id":1,"name":"com.senl
[298816:0112/141216:4409510590757:VERBOSE1:(0)] [T= 69686329] [2017-01-12-14-12-16-227:644][EAP_service.cc(84)][EAPService:UpdateRequest] [INNER]  EAPPolicyUpdatedRequest::ToBuffer, device_host_id: 157438, policy_set_id: 1, policy_set_version: 1482742323144, len: 9012, policy_set_content: [{"policy_set_id":1,"name":"com.senlime.compliance.basic","description":"合规检查","params":{"valid_check_space":"720"},"target_type":0,"created":1482473990000,"updated":1482473990000,"is_enabled":true},{"policy_set_id":1,"name":"com.senlime.compliance.connection","description":"连接性验证","params":{"max_offline_time":"1d","check_fail_op":"2","delay_apply_time":"0"},"target_type":0,"created":1482473990000,"updated":1482473990000,"is_enabled":true},{"policy_set_id":1,"name":"com.senlime.compliance.encryption","description":"数据加密验证","params":{"disable_no_enable_data_encryption_device":true,"check_fail_op":"3","delay_apply_time":"0"},"target_type":0,"created":1482473990000,"updated":1482473990000,"is_enabled":true},{"policy_set_id":1,"name":"com.senlim
[298816:0112/141216:4409510590826:VERBOSE1:(0)] [T= 69686329] [2017-01-12-14-12-16-227:728][EAP_service.cc(103)][EAPService:UpdateRequest] [INNER]  EAPPolicyUpdatedRequest::ToBuffer, buf len: 9032, device_host_id: 157438, policy_set_id: 1, policy_set_version: 1482742323144, policy_set_content: [{"policy_set_id":1,"name":"com.senlime.compliance.basic","description":"合规检查","params":{"valid_check_space":"720"},"target_type":0,"created":1482473990000,"updated":1482473990000,"is_enabled":true},{"policy_set_id":1,"name":"com.senlime.compliance.connection","description":"连接性验证","params":{"max_offline_time":"1d","check_fail_op":"2","delay_apply_time":"0"},"target_type":0,"created":1482473990000,"updated":1482473990000,"is_enabled":true},{"policy_set_id":1,"name":"com.senlime.compliance.encryption","description":"数据加密验证","params":{"disable_no_enable_data_encryption_device":true,"check_fail_op":"3","delay_apply_time":"0"},"target_type":0,"created":1482473990000,"updated":1482473990000,"is_enabled":true},{"policy_set_id":1,"name":"com.s
[298816:0112/141216:4409510826330:VERBOSE1:(0)] [T= 69686546] [2017-01-12-14-12-16-463:278][EAP_service.cc(178)][NexusDns:ServiceWorker] [INNER]  EAPServiceWorker::DoConfirmPolicyVersion host_id: 157438, confirm_device_security_policy_version begin
[298816:0112/141216:4409510832145:VERBOSE1:(0)] [T= 69686552] [2017-01-12-14-12-16-469:76][EAP_service.cc(180)][NexusDns:ServiceWorker] [INNER]  EAPServiceWorker::DoConfirmPolicyVersion host_id: 157438, confirm_device_security_policy_version end
