[298771:0112/141135:4409469378684:INFO:noc_quic_appserver.cc(446)] HandleL2AuthReq, host_id: 157426, version: 1, begin
[298771:0112/141135:4409469378692:INFO:noc_quic_appserver.cc(454)] HandleL2AuthReq, host_id: 157426, version: 1, QueryL2Pincode
[298771:0112/141135:4409469378699:INFO:noc_quic_appserver.cc(233)] QueryL2Pincode, host_id: 157426, version: 1
[298771:0112/141135:4409469660905:INFO:noc_quic_appserver.cc(462)] HandleL2AuthReq, host_id: 157426, version: 1, pincode: 72dfc671624d
[298771:0112/141135:4409469660923:INFO:noc_quic_appserver.cc(280)] VerifyL2AuthReq, host_id: 157426, version: 1
[298771:0112/141135:4409469687944:INFO:noc_quic_encrypter_if.cc(92)] GenerateDeviceAuthDataForProvision, device_host_id: 157426, pin: 72dfc671624d, device_nonce: 2dc67024d577193c0d782c4eeedc293e16eb8e16007a367ef560b5c6b9fdcea2, device_pub_key: 7eb62d76d7bc6711234fd7fa13aace599933481ef88cedaef19da68b39ce2245, out_data_s: fffdea944dedbf752574e3b05aabbfc5f6bd4dc43c67dd7dc55695a9fab58143
[298771:0112/141135:4409469687963:INFO:noc_quic_appserver.cc(307)] CalculateMasterKey, host_id: 157426, version: 1
[298771:0112/141135:4409469689658:INFO:noc_quic_appserver.cc(338)] SaveMasterKey, host_id: 157426, version: 1
[298771:0112/141135:4409469689686:INFO:table_host_conn_sqlite.cc(88)] TableHostConnSqlite::UpdateImpl, id: 676139521590603, client_host_id: 157426, server_host_id: 50507, layer: 2, qos: 0, cipher_suite: 0
[298771:0112/141135:4409469689863:INFO:table_host_conn_sqlite.cc(43)] TableHostConnSqlite::InsertImpl, id: 676139521590603, client_host_id: 157426, server_host_id: 50507, layer: 2, qos: 0, cipher_suite: 0
[298771:0112/141135:4409469691555:INFO:noc_quic_appserver.cc(473)] HandleL2AuthReq, host_id: 157426, version: 1, CreateAndSendL2AuthSuccessResp
[298771:0112/141135:4409469691573:INFO:noc_quic_appserver.cc(410)] CreateL2AuthSuccessResp, host_id: 157426, version: 1
[298771:0112/141135:4409469716766:INFO:noc_quic_appserver.cc(475)] HandleL2AuthReq, host_id: 157426, version: 1, end
[298771:0112/141151:4409485628988:INFO:noc_quic_appserver.cc(641)] HandleDeviceInfoIndication, host_id: 157426, begin
[298771:0112/141151:4409485630887:INFO:noc_quic_appserver.cc(666)] HandleDeviceInfoIndication, host_id: 157426, UploadDeviceInfoToEap
[298771:0112/141153:4409487638667:INFO:noc_quic_appserver.cc(668)] HandleDeviceInfoIndication, host_id: 157426, UploadDeviceInfoToEap return
[298771:0112/141153:4409487638686:INFO:noc_quic_appserver.cc(670)] HandleDeviceInfoIndication, host_id: 157426, CreateAndSendDeviceInfoSuccessConfirmation
[298771:0112/141153:4409487638743:INFO:noc_quic_appserver.cc(672)] HandleDeviceInfoIndication, host_id: 157426, end
[298816:0112/141200:4409494921328:VERBOSE1:(0)] [T= 69671956] [2017-01-12-14-12-00-558:276][EAP_service.cc(178)][NexusDns:ServiceWorker] [INNER]  EAPServiceWorker::DoConfirmPolicyVersion host_id: 157426, confirm_device_security_policy_version begin
[298816:0112/141200:4409494934458:VERBOSE1:(0)] [T= 69671968] [2017-01-12-14-12-00-571:396][EAP_service.cc(180)][NexusDns:ServiceWorker] [INNER]  EAPServiceWorker::DoConfirmPolicyVersion host_id: 157426, confirm_device_security_policy_version end
[298818:0112/141200:4409494982888:VERBOSE1:(0)] [T= 69672013] [2017-01-12-14-12-00-619:836][EAP_service.cc(302)][EAPRPCService:RPCThread] [INNER]  EAPRpcService::OnDevicePolicyUpdated host_id: 157426, Version: [s-1:v-1482742323144]
[298818:0112/141200:4409494983010:VERBOSE1:(0)] [T= 69672013] [2017-01-12-14-12-00-619:916][EAP_service.cc(60)][EAPService:UpdateRequest] [INNER]  EAPPolicyUpdatedRequest Constructor, device_host_id: 157426, policy_set_id: 1, policy_set_version: 1482742323144, len: 9012, policy_set_content: [{"policy_set_id":1,"name":"com.senlime.compliance.basic","description":"合规检查","params":{"valid_check_space":"720"},"target_type":0,"created":1482473990000,"updated":1482473990000,"is_enabled":true},{"policy_set_id":1,"name":"com.senlime.compliance.connection","description":"连接性验证","params":{"max_offline_time":"1d","check_fail_op":"2","delay_apply_time":"0"},"target_type":0,"created":1482473990000,"updated":1482473990000,"is_enabled":true},{"policy_set_id":1,"name":"com.senlime.compliance.encryption","description":"数据加密验证","params":{"disable_no_enable_data_encryption_device":true,"check_fail_op":"3","delay_apply_time":"0"},"target_type":0,"created":1482473990000,"updated":1482473990000,"is_enabled":true},{"policy_set_id":1,"name":"com.senl
[298816:0112/141200:4409494983147:VERBOSE1:(0)] [T= 69672013] [2017-01-12-14-12-00-620:50][EAP_service.cc(84)][EAPService:UpdateRequest] [INNER]  EAPPolicyUpdatedRequest::ToBuffer, device_host_id: 157426, policy_set_id: 1, policy_set_version: 1482742323144, len: 9012, policy_set_content: [{"policy_set_id":1,"name":"com.senlime.compliance.basic","description":"合规检查","params":{"valid_check_space":"720"},"target_type":0,"created":1482473990000,"updated":1482473990000,"is_enabled":true},{"policy_set_id":1,"name":"com.senlime.compliance.connection","description":"连接性验证","params":{"max_offline_time":"1d","check_fail_op":"2","delay_apply_time":"0"},"target_type":0,"created":1482473990000,"updated":1482473990000,"is_enabled":true},{"policy_set_id":1,"name":"com.senlime.compliance.encryption","description":"数据加密验证","params":{"disable_no_enable_data_encryption_device":true,"check_fail_op":"3","delay_apply_time":"0"},"target_type":0,"created":1482473990000,"updated":1482473990000,"is_enabled":true},{"policy_set_id":1,"name":"com.senlime
[298816:0112/141200:4409494983204:VERBOSE1:(0)] [T= 69672013] [2017-01-12-14-12-00-620:113][EAP_service.cc(103)][EAPService:UpdateRequest] [INNER]  EAPPolicyUpdatedRequest::ToBuffer, buf len: 9032, device_host_id: 157426, policy_set_id: 1, policy_set_version: 1482742323144, policy_set_content: [{"policy_set_id":1,"name":"com.senlime.compliance.basic","description":"合规检查","params":{"valid_check_space":"720"},"target_type":0,"created":1482473990000,"updated":1482473990000,"is_enabled":true},{"policy_set_id":1,"name":"com.senlime.compliance.connection","description":"连接性验证","params":{"max_offline_time":"1d","check_fail_op":"2","delay_apply_time":"0"},"target_type":0,"created":1482473990000,"updated":1482473990000,"is_enabled":true},{"policy_set_id":1,"name":"com.senlime.compliance.encryption","description":"数据加密验证","params":{"disable_no_enable_data_encryption_device":true,"check_fail_op":"3","delay_apply_time":"0"},"target_type":0,"created":1482473990000,"updated":1482473990000,"is_enabled":true},{"policy_set_id":1,"name":"com.s
[298816:0112/141200:4409495061439:VERBOSE1:(0)] [T= 69672085] [2017-01-12-14-12-00-698:382][EAP_service.cc(178)][NexusDns:ServiceWorker] [INNER]  EAPServiceWorker::DoConfirmPolicyVersion host_id: 157426, confirm_device_security_policy_version begin
[298816:0112/141200:4409495069019:VERBOSE1:(0)] [T= 69672092] [2017-01-12-14-12-00-705:961][EAP_service.cc(180)][NexusDns:ServiceWorker] [INNER]  EAPServiceWorker::DoConfirmPolicyVersion host_id: 157426, confirm_device_security_policy_version end
