[298771:0112/141136:4409470391877:INFO:noc_quic_appserver.cc(446)] HandleL2AuthReq, host_id: 157423, version: 1, begin
[298771:0112/141136:4409470391885:INFO:noc_quic_appserver.cc(454)] HandleL2AuthReq, host_id: 157423, version: 1, QueryL2Pincode
[298771:0112/141136:4409470391892:INFO:noc_quic_appserver.cc(233)] QueryL2Pincode, host_id: 157423, version: 1
[298771:0112/141136:4409470671205:INFO:noc_quic_appserver.cc(462)] HandleL2AuthReq, host_id: 157423, version: 1, pincode: 37824916e34f
[298771:0112/141136:4409470671228:INFO:noc_quic_appserver.cc(280)] VerifyL2AuthReq, host_id: 157423, version: 1
[298771:0112/141136:4409470696036:INFO:noc_quic_encrypter_if.cc(92)] GenerateDeviceAuthDataForProvision, device_host_id: 157423, pin: 37824916e34f, device_nonce: 2a1b706bbc29e7111abc2c351d2ba970039c308acee4ce8178fe41cac3dbdbc9, device_pub_key: 0f98c1c54c2de23628ac4c612d5b772086f5a5e73b34c5d5cb81ce066af4e36b, out_data_s: 0dc9415a346f0b99b097ca05f124b7f8866fb0558cdf396b18180b7605303a75
[298771:0112/141136:4409470696053:INFO:noc_quic_appserver.cc(307)] CalculateMasterKey, host_id: 157423, version: 1
[298771:0112/141136:4409470697725:INFO:noc_quic_appserver.cc(338)] SaveMasterKey, host_id: 157423, version: 1
[298771:0112/141136:4409470697749:INFO:table_host_conn_sqlite.cc(88)] TableHostConnSqlite::UpdateImpl, id: 676126636688715, client_host_id: 157423, server_host_id: 50507, layer: 2, qos: 0, cipher_suite: 0
[298771:0112/141136:4409470697847:INFO:table_host_conn_sqlite.cc(43)] TableHostConnSqlite::InsertImpl, id: 676126636688715, client_host_id: 157423, server_host_id: 50507, layer: 2, qos: 0, cipher_suite: 0
[298771:0112/141136:4409470700097:INFO:noc_quic_appserver.cc(473)] HandleL2AuthReq, host_id: 157423, version: 1, CreateAndSendL2AuthSuccessResp
[298771:0112/141136:4409470700153:INFO:noc_quic_appserver.cc(410)] CreateL2AuthSuccessResp, host_id: 157423, version: 1
[298771:0112/141136:4409470724864:INFO:noc_quic_appserver.cc(475)] HandleL2AuthReq, host_id: 157423, version: 1, end
[298771:0112/141156:4409491043627:INFO:noc_quic_appserver.cc(641)] HandleDeviceInfoIndication, host_id: 157423, begin
[298771:0112/141156:4409491045328:INFO:noc_quic_appserver.cc(666)] HandleDeviceInfoIndication, host_id: 157423, UploadDeviceInfoToEap
[298771:0112/141158:4409492741220:INFO:noc_quic_appserver.cc(668)] HandleDeviceInfoIndication, host_id: 157423, UploadDeviceInfoToEap return
[298771:0112/141158:4409492741243:INFO:noc_quic_appserver.cc(670)] HandleDeviceInfoIndication, host_id: 157423, CreateAndSendDeviceInfoSuccessConfirmation
[298771:0112/141158:4409492741317:INFO:noc_quic_appserver.cc(672)] HandleDeviceInfoIndication, host_id: 157423, end
[298816:0112/141215:4409509879164:VERBOSE1:(0)] [T= 69685674] [2017-01-12-14-12-15-516:103][EAP_service.cc(178)][NexusDns:ServiceWorker] [INNER]  EAPServiceWorker::DoConfirmPolicyVersion host_id: 157423, confirm_device_security_policy_version begin
[298816:0112/141215:4409509886583:VERBOSE1:(0)] [T= 69685681] [2017-01-12-14-12-15-523:526][EAP_service.cc(180)][NexusDns:ServiceWorker] [INNER]  EAPServiceWorker::DoConfirmPolicyVersion host_id: 157423, confirm_device_security_policy_version end
[298818:0112/141215:4409509952088:VERBOSE1:(0)] [T= 69685741] [2017-01-12-14-12-15-589:33][EAP_service.cc(302)][EAPRPCService:RPCThread] [INNER]  EAPRpcService::OnDevicePolicyUpdated host_id: 157423, Version: [s-1:v-1482742323144]
[298818:0112/141215:4409509952233:VERBOSE1:(0)] [T= 69685741] [2017-01-12-14-12-15-589:139][EAP_service.cc(60)][EAPService:UpdateRequest] [INNER]  EAPPolicyUpdatedRequest Constructor, device_host_id: 157423, policy_set_id: 1, policy_set_version: 1482742323144, len: 9012, policy_set_content: [{"policy_set_id":1,"name":"com.senlime.compliance.basic","description":"合规检查","params":{"valid_check_space":"720"},"target_type":0,"created":1482473990000,"updated":1482473990000,"is_enabled":true},{"policy_set_id":1,"name":"com.senlime.compliance.connection","description":"连接性验证","params":{"max_offline_time":"1d","check_fail_op":"2","delay_apply_time":"0"},"target_type":0,"created":1482473990000,"updated":1482473990000,"is_enabled":true},{"policy_set_id":1,"name":"com.senlime.compliance.encryption","description":"数据加密验证","params":{"disable_no_enable_data_encryption_device":true,"check_fail_op":"3","delay_apply_time":"0"},"target_type":0,"created":1482473990000,"updated":1482473990000,"is_enabled":true},{"policy_set_id":1,"name":"com.senl
[298816:0112/141215:4409509952476:VERBOSE1:(0)] [T= 69685742] [2017-01-12-14-12-15-589:346][EAP_service.cc(84)][EAPService:UpdateRequest] [INNER]  EAPPolicyUpdatedRequest::ToBuffer, device_host_id: 157423, policy_set_id: 1, policy_set_version: 1482742323144, len: 9012, policy_set_content: [{"policy_set_id":1,"name":"com.senlime.compliance.basic","description":"合规检查","params":{"valid_check_space":"720"},"target_type":0,"created":1482473990000,"updated":1482473990000,"is_enabled":true},{"policy_set_id":1,"name":"com.senlime.compliance.connection","description":"连接性验证","params":{"max_offline_time":"1d","check_fail_op":"2","delay_apply_time":"0"},"target_type":0,"created":1482473990000,"updated":1482473990000,"is_enabled":true},{"policy_set_id":1,"name":"com.senlime.compliance.encryption","description":"数据加密验证","params":{"disable_no_enable_data_encryption_device":true,"check_fail_op":"3","delay_apply_time":"0"},"target_type":0,"created":1482473990000,"updated":1482473990000,"is_enabled":true},{"policy_set_id":1,"name":"com.senlim
[298816:0112/141215:4409509952543:VERBOSE1:(0)] [T= 69685742] [2017-01-12-14-12-15-589:449][EAP_service.cc(103)][EAPService:UpdateRequest] [INNER]  EAPPolicyUpdatedRequest::ToBuffer, buf len: 9032, device_host_id: 157423, policy_set_id: 1, policy_set_version: 1482742323144, policy_set_content: [{"policy_set_id":1,"name":"com.senlime.compliance.basic","description":"合规检查","params":{"valid_check_space":"720"},"target_type":0,"created":1482473990000,"updated":1482473990000,"is_enabled":true},{"policy_set_id":1,"name":"com.senlime.compliance.connection","description":"连接性验证","params":{"max_offline_time":"1d","check_fail_op":"2","delay_apply_time":"0"},"target_type":0,"created":1482473990000,"updated":1482473990000,"is_enabled":true},{"policy_set_id":1,"name":"com.senlime.compliance.encryption","description":"数据加密验证","params":{"disable_no_enable_data_encryption_device":true,"check_fail_op":"3","delay_apply_time":"0"},"target_type":0,"created":1482473990000,"updated":1482473990000,"is_enabled":true},{"policy_set_id":1,"name":"com.s
[298816:0112/141216:4409510700252:VERBOSE1:(0)] [T= 69686429] [2017-01-12-14-12-16-337:191][EAP_service.cc(178)][NexusDns:ServiceWorker] [INNER]  EAPServiceWorker::DoConfirmPolicyVersion host_id: 157423, confirm_device_security_policy_version begin
[298816:0112/141216:4409510705616:VERBOSE1:(0)] [T= 69686434] [2017-01-12-14-12-16-342:556][EAP_service.cc(180)][NexusDns:ServiceWorker] [INNER]  EAPServiceWorker::DoConfirmPolicyVersion host_id: 157423, confirm_device_security_policy_version end
