[298771:0112/141139:4409473617567:INFO:noc_quic_appserver.cc(446)] HandleL2AuthReq, host_id: 157432, version: 1, begin
[298771:0112/141139:4409473617575:INFO:noc_quic_appserver.cc(454)] HandleL2AuthReq, host_id: 157432, version: 1, QueryL2Pincode
[298771:0112/141139:4409473617583:INFO:noc_quic_appserver.cc(233)] QueryL2Pincode, host_id: 157432, version: 1
[298771:0112/141139:4409473875995:INFO:noc_quic_appserver.cc(462)] HandleL2AuthReq, host_id: 157432, version: 1, pincode: 7e5866d59795
[298771:0112/141139:4409473876024:INFO:noc_quic_appserver.cc(280)] VerifyL2AuthReq, host_id: 157432, version: 1
[298771:0112/141139:4409473900879:INFO:noc_quic_encrypter_if.cc(92)] GenerateDeviceAuthDataForProvision, device_host_id: 157432, pin: 7e5866d59795, device_nonce: d72b672211d58395e4e1be61c0194ecb6edbdf9f01655311bdafb34bcc939f8f, device_pub_key: 65f6c6e2b8214e6bf351450aa46ea6d648d5aeca73b6bc3f8ee60d0d379fd903, out_data_s: 7b415b68ecd69b0530a17a684a8495e0dd165515f13855515d412b48eacda8fe
[298771:0112/141139:4409473900910:INFO:noc_quic_appserver.cc(307)] CalculateMasterKey, host_id: 157432, version: 1
[298771:0112/141139:4409473902608:INFO:noc_quic_appserver.cc(338)] SaveMasterKey, host_id: 157432, version: 1
[298771:0112/141139:4409473902641:INFO:table_host_conn_sqlite.cc(88)] TableHostConnSqlite::UpdateImpl, id: 676165291394379, client_host_id: 157432, server_host_id: 50507, layer: 2, qos: 0, cipher_suite: 0
[298771:0112/141139:4409473902758:INFO:table_host_conn_sqlite.cc(43)] TableHostConnSqlite::InsertImpl, id: 676165291394379, client_host_id: 157432, server_host_id: 50507, layer: 2, qos: 0, cipher_suite: 0
[298771:0112/141139:4409473904885:INFO:noc_quic_appserver.cc(473)] HandleL2AuthReq, host_id: 157432, version: 1, CreateAndSendL2AuthSuccessResp
[298771:0112/141139:4409473904901:INFO:noc_quic_appserver.cc(410)] CreateL2AuthSuccessResp, host_id: 157432, version: 1
[298771:0112/141139:4409473929795:INFO:noc_quic_appserver.cc(475)] HandleL2AuthReq, host_id: 157432, version: 1, end
[298771:0112/141212:4409506879794:INFO:noc_quic_appserver.cc(641)] HandleDeviceInfoIndication, host_id: 157432, begin
[298771:0112/141212:4409506881709:INFO:noc_quic_appserver.cc(666)] HandleDeviceInfoIndication, host_id: 157432, UploadDeviceInfoToEap
[298771:0112/141214:4409508466124:INFO:noc_quic_appserver.cc(668)] HandleDeviceInfoIndication, host_id: 157432, UploadDeviceInfoToEap return
[298771:0112/141214:4409508466145:INFO:noc_quic_appserver.cc(670)] HandleDeviceInfoIndication, host_id: 157432, CreateAndSendDeviceInfoSuccessConfirmation
[298771:0112/141214:4409508466193:INFO:noc_quic_appserver.cc(672)] HandleDeviceInfoIndication, host_id: 157432, end
[298816:0112/141216:4409510772717:VERBOSE1:(0)] [T= 69686497] [2017-01-12-14-12-16-409:663][EAP_service.cc(178)][NexusDns:ServiceWorker] [INNER]  EAPServiceWorker::DoConfirmPolicyVersion host_id: 157432, confirm_device_security_policy_version begin
[298816:0112/141216:4409510778597:VERBOSE1:(0)] [T= 69686502] [2017-01-12-14-12-16-415:533][EAP_service.cc(180)][NexusDns:ServiceWorker] [INNER]  EAPServiceWorker::DoConfirmPolicyVersion host_id: 157432, confirm_device_security_policy_version end
[298818:0112/141216:4409510889997:VERBOSE1:(0)] [T= 69686605] [2017-01-12-14-12-16-526:939][EAP_service.cc(302)][EAPRPCService:RPCThread] [INNER]  EAPRpcService::OnDevicePolicyUpdated host_id: 157432, Version: [s-1:v-1482742323144]
[298818:0112/141216:4409510890323:VERBOSE1:(0)] [T= 69686605] [2017-01-12-14-12-16-527:201][EAP_service.cc(60)][EAPService:UpdateRequest] [INNER]  EAPPolicyUpdatedRequest Constructor, device_host_id: 157432, policy_set_id: 1, policy_set_version: 1482742323144, len: 9012, policy_set_content: [{"policy_set_id":1,"name":"com.senlime.compliance.basic","description":"合规检查","params":{"valid_check_space":"720"},"target_type":0,"created":1482473990000,"updated":1482473990000,"is_enabled":true},{"policy_set_id":1,"name":"com.senlime.compliance.connection","description":"连接性验证","params":{"max_offline_time":"1d","check_fail_op":"2","delay_apply_time":"0"},"target_type":0,"created":1482473990000,"updated":1482473990000,"is_enabled":true},{"policy_set_id":1,"name":"com.senlime.compliance.encryption","description":"数据加密验证","params":{"disable_no_enable_data_encryption_device":true,"check_fail_op":"3","delay_apply_time":"0"},"target_type":0,"created":1482473990000,"updated":1482473990000,"is_enabled":true},{"policy_set_id":1,"name":"com.senl
[298816:0112/141216:4409510890514:VERBOSE1:(0)] [T= 69686605] [2017-01-12-14-12-16-527:411][EAP_service.cc(84)][EAPService:UpdateRequest] [INNER]  EAPPolicyUpdatedRequest::ToBuffer, device_host_id: 157432, policy_set_id: 1, policy_set_version: 1482742323144, len: 9012, policy_set_content: [{"policy_set_id":1,"name":"com.senlime.compliance.basic","description":"合规检查","params":{"valid_check_space":"720"},"target_type":0,"created":1482473990000,"updated":1482473990000,"is_enabled":true},{"policy_set_id":1,"name":"com.senlime.compliance.connection","description":"连接性验证","params":{"max_offline_time":"1d","check_fail_op":"2","delay_apply_time":"0"},"target_type":0,"created":1482473990000,"updated":1482473990000,"is_enabled":true},{"policy_set_id":1,"name":"com.senlime.compliance.encryption","description":"数据加密验证","params":{"disable_no_enable_data_encryption_device":true,"check_fail_op":"3","delay_apply_time":"0"},"target_type":0,"created":1482473990000,"updated":1482473990000,"is_enabled":true},{"policy_set_id":1,"name":"com.senlim
[298816:0112/141216:4409510890585:VERBOSE1:(0)] [T= 69686605] [2017-01-12-14-12-16-527:483][EAP_service.cc(103)][EAPService:UpdateRequest] [INNER]  EAPPolicyUpdatedRequest::ToBuffer, buf len: 9032, device_host_id: 157432, policy_set_id: 1, policy_set_version: 1482742323144, policy_set_content: [{"policy_set_id":1,"name":"com.senlime.compliance.basic","description":"合规检查","params":{"valid_check_space":"720"},"target_type":0,"created":1482473990000,"updated":1482473990000,"is_enabled":true},{"policy_set_id":1,"name":"com.senlime.compliance.connection","description":"连接性验证","params":{"max_offline_time":"1d","check_fail_op":"2","delay_apply_time":"0"},"target_type":0,"created":1482473990000,"updated":1482473990000,"is_enabled":true},{"policy_set_id":1,"name":"com.senlime.compliance.encryption","description":"数据加密验证","params":{"disable_no_enable_data_encryption_device":true,"check_fail_op":"3","delay_apply_time":"0"},"target_type":0,"created":1482473990000,"updated":1482473990000,"is_enabled":true},{"policy_set_id":1,"name":"com.s
[298816:0112/141216:4409510960694:VERBOSE1:(0)] [T= 69686670] [2017-01-12-14-12-16-597:641][EAP_service.cc(178)][NexusDns:ServiceWorker] [INNER]  EAPServiceWorker::DoConfirmPolicyVersion host_id: 157432, confirm_device_security_policy_version begin
[298816:0112/141216:4409510966341:VERBOSE1:(0)] [T= 69686675] [2017-01-12-14-12-16-603:279][EAP_service.cc(180)][NexusDns:ServiceWorker] [INNER]  EAPServiceWorker::DoConfirmPolicyVersion host_id: 157432, confirm_device_security_policy_version end
