[298771:0112/141136:4409470725265:INFO:noc_quic_appserver.cc(446)] HandleL2AuthReq, host_id: 157427, version: 1, begin
[298771:0112/141136:4409470725273:INFO:noc_quic_appserver.cc(454)] HandleL2AuthReq, host_id: 157427, version: 1, QueryL2Pincode
[298771:0112/141136:4409470725281:INFO:noc_quic_appserver.cc(233)] QueryL2Pincode, host_id: 157427, version: 1
[298771:0112/141136:4409471001749:INFO:noc_quic_appserver.cc(462)] HandleL2AuthReq, host_id: 157427, version: 1, pincode: 6c66c310cb22
[298771:0112/141136:4409471001769:INFO:noc_quic_appserver.cc(280)] VerifyL2AuthReq, host_id: 157427, version: 1
[298771:0112/141136:4409471026741:INFO:noc_quic_encrypter_if.cc(92)] GenerateDeviceAuthDataForProvision, device_host_id: 157427, pin: 6c66c310cb22, device_nonce: 2df97b5c9f8fe0bf51a8f2409e81caffcaaf1d005c09d5728d09fc371f6bb7a3, device_pub_key: 4c1d65dd8ed595d1519f9d3a176d2beb80abc269d4caa2de36f1d08b271d290d, out_data_s: e977711bc7f331019c1c24a6b6ab583650ce2753d3bb8fb189f33b6aee2b57a1
[298771:0112/141136:4409471026767:INFO:noc_quic_appserver.cc(307)] CalculateMasterKey, host_id: 157427, version: 1
[298771:0112/141136:4409471028449:INFO:noc_quic_appserver.cc(338)] SaveMasterKey, host_id: 157427, version: 1
[298771:0112/141136:4409471028487:INFO:table_host_conn_sqlite.cc(88)] TableHostConnSqlite::UpdateImpl, id: 676143816557899, client_host_id: 157427, server_host_id: 50507, layer: 2, qos: 0, cipher_suite: 0
[298771:0112/141136:4409471028662:INFO:table_host_conn_sqlite.cc(43)] TableHostConnSqlite::InsertImpl, id: 676143816557899, client_host_id: 157427, server_host_id: 50507, layer: 2, qos: 0, cipher_suite: 0
[298771:0112/141136:4409471030929:INFO:noc_quic_appserver.cc(473)] HandleL2AuthReq, host_id: 157427, version: 1, CreateAndSendL2AuthSuccessResp
[298771:0112/141136:4409471030946:INFO:noc_quic_appserver.cc(410)] CreateL2AuthSuccessResp, host_id: 157427, version: 1
[298771:0112/141136:4409471055970:INFO:noc_quic_appserver.cc(475)] HandleL2AuthReq, host_id: 157427, version: 1, end
[298771:0112/141158:4409492742441:INFO:noc_quic_appserver.cc(641)] HandleDeviceInfoIndication, host_id: 157427, begin
[298771:0112/141158:4409492744262:INFO:noc_quic_appserver.cc(666)] HandleDeviceInfoIndication, host_id: 157427, UploadDeviceInfoToEap
[298771:0112/141200:4409494887869:INFO:noc_quic_appserver.cc(668)] HandleDeviceInfoIndication, host_id: 157427, UploadDeviceInfoToEap return
[298771:0112/141200:4409494887881:INFO:noc_quic_appserver.cc(670)] HandleDeviceInfoIndication, host_id: 157427, CreateAndSendDeviceInfoSuccessConfirmation
[298771:0112/141200:4409494887923:INFO:noc_quic_appserver.cc(672)] HandleDeviceInfoIndication, host_id: 157427, end
[298816:0112/141215:4409509865373:VERBOSE1:(0)] [T= 69685662] [2017-01-12-14-12-15-502:315][EAP_service.cc(178)][NexusDns:ServiceWorker] [INNER]  EAPServiceWorker::DoConfirmPolicyVersion host_id: 157427, confirm_device_security_policy_version begin
[298816:0112/141215:4409509875118:VERBOSE1:(0)] [T= 69685670] [2017-01-12-14-12-15-512:50][EAP_service.cc(180)][NexusDns:ServiceWorker] [INNER]  EAPServiceWorker::DoConfirmPolicyVersion host_id: 157427, confirm_device_security_policy_version end
[298818:0112/141215:4409509941707:VERBOSE1:(0)] [T= 69685732] [2017-01-12-14-12-15-578:655][EAP_service.cc(302)][EAPRPCService:RPCThread] [INNER]  EAPRpcService::OnDevicePolicyUpdated host_id: 157427, Version: [s-1:v-1482742323144]
[298818:0112/141215:4409509941819:VERBOSE1:(0)] [T= 69685732] [2017-01-12-14-12-15-578:726][EAP_service.cc(60)][EAPService:UpdateRequest] [INNER]  EAPPolicyUpdatedRequest Constructor, device_host_id: 157427, policy_set_id: 1, policy_set_version: 1482742323144, len: 9012, policy_set_content: [{"policy_set_id":1,"name":"com.senlime.compliance.basic","description":"合规检查","params":{"valid_check_space":"720"},"target_type":0,"created":1482473990000,"updated":1482473990000,"is_enabled":true},{"policy_set_id":1,"name":"com.senlime.compliance.connection","description":"连接性验证","params":{"max_offline_time":"1d","check_fail_op":"2","delay_apply_time":"0"},"target_type":0,"created":1482473990000,"updated":1482473990000,"is_enabled":true},{"policy_set_id":1,"name":"com.senlime.compliance.encryption","description":"数据加密验证","params":{"disable_no_enable_data_encryption_device":true,"check_fail_op":"3","delay_apply_time":"0"},"target_type":0,"created":1482473990000,"updated":1482473990000,"is_enabled":true},{"policy_set_id":1,"name":"com.senl
[298816:0112/141215:4409509941981:VERBOSE1:(0)] [T= 69685732] [2017-01-12-14-12-15-578:888][EAP_service.cc(84)][EAPService:UpdateRequest] [INNER]  EAPPolicyUpdatedRequest::ToBuffer, device_host_id: 157427, policy_set_id: 1, policy_set_version: 1482742323144, len: 9012, policy_set_content: [{"policy_set_id":1,"name":"com.senlime.compliance.basic","description":"合规检查","params":{"valid_check_space":"720"},"target_type":0,"created":1482473990000,"updated":1482473990000,"is_enabled":true},{"policy_set_id":1,"name":"com.senlime.compliance.connection","description":"连接性验证","params":{"max_offline_time":"1d","check_fail_op":"2","delay_apply_time":"0"},"target_type":0,"created":1482473990000,"updated":1482473990000,"is_enabled":true},{"policy_set_id":1,"name":"com.senlime.compliance.encryption","description":"数据加密验证","params":{"disable_no_enable_data_encryption_device":true,"check_fail_op":"3","delay_apply_time":"0"},"target_type":0,"created":1482473990000,"updated":1482473990000,"is_enabled":true},{"policy_set_id":1,"name":"com.senlim
[298816:0112/141215:4409509942046:VERBOSE1:(0)] [T= 69685732] [2017-01-12-14-12-15-578:953][EAP_service.cc(103)][EAPService:UpdateRequest] [INNER]  EAPPolicyUpdatedRequest::ToBuffer, buf len: 9032, device_host_id: 157427, policy_set_id: 1, policy_set_version: 1482742323144, policy_set_content: [{"policy_set_id":1,"name":"com.senlime.compliance.basic","description":"合规检查","params":{"valid_check_space":"720"},"target_type":0,"created":1482473990000,"updated":1482473990000,"is_enabled":true},{"policy_set_id":1,"name":"com.senlime.compliance.connection","description":"连接性验证","params":{"max_offline_time":"1d","check_fail_op":"2","delay_apply_time":"0"},"target_type":0,"created":1482473990000,"updated":1482473990000,"is_enabled":true},{"policy_set_id":1,"name":"com.senlime.compliance.encryption","description":"数据加密验证","params":{"disable_no_enable_data_encryption_device":true,"check_fail_op":"3","delay_apply_time":"0"},"target_type":0,"created":1482473990000,"updated":1482473990000,"is_enabled":true},{"policy_set_id":1,"name":"com.s
[298816:0112/141216:4409510706955:VERBOSE1:(0)] [T= 69686436] [2017-01-12-14-12-16-343:890][EAP_service.cc(178)][NexusDns:ServiceWorker] [INNER]  EAPServiceWorker::DoConfirmPolicyVersion host_id: 157427, confirm_device_security_policy_version begin
[298816:0112/141216:4409510712025:VERBOSE1:(0)] [T= 69686440] [2017-01-12-14-12-16-348:966][EAP_service.cc(180)][NexusDns:ServiceWorker] [INNER]  EAPServiceWorker::DoConfirmPolicyVersion host_id: 157427, confirm_device_security_policy_version end
