[298771:0112/141138:4409473309242:INFO:noc_quic_appserver.cc(446)] HandleL2AuthReq, host_id: 157437, version: 1, begin
[298771:0112/141138:4409473309250:INFO:noc_quic_appserver.cc(454)] HandleL2AuthReq, host_id: 157437, version: 1, QueryL2Pincode
[298771:0112/141138:4409473309258:INFO:noc_quic_appserver.cc(233)] QueryL2Pincode, host_id: 157437, version: 1
[298771:0112/141139:4409473563675:INFO:noc_quic_appserver.cc(462)] HandleL2AuthReq, host_id: 157437, version: 1, pincode: 98018708d1d0
[298771:0112/141139:4409473563695:INFO:noc_quic_appserver.cc(280)] VerifyL2AuthReq, host_id: 157437, version: 1
[298771:0112/141139:4409473588445:INFO:noc_quic_encrypter_if.cc(92)] GenerateDeviceAuthDataForProvision, device_host_id: 157437, pin: 98018708d1d0, device_nonce: 9d4e95bc75bf50cf54ada8884c60947b19e009f94855d2379d7c4edae5469d14, device_pub_key: baad56720360795e58561feac8efdb2ec99c3bb693bcb0e0d7538c40dcf08403, out_data_s: fb10368ba5f836908faf9cb1e43988ed2e3150b6933b95edb050e915b0aa2f72
[298771:0112/141139:4409473588461:INFO:noc_quic_appserver.cc(307)] CalculateMasterKey, host_id: 157437, version: 1
[298771:0112/141139:4409473590141:INFO:noc_quic_appserver.cc(338)] SaveMasterKey, host_id: 157437, version: 1
[298771:0112/141139:4409473590165:INFO:table_host_conn_sqlite.cc(88)] TableHostConnSqlite::UpdateImpl, id: 676186766230859, client_host_id: 157437, server_host_id: 50507, layer: 2, qos: 0, cipher_suite: 0
[298771:0112/141139:4409473590267:INFO:table_host_conn_sqlite.cc(43)] TableHostConnSqlite::InsertImpl, id: 676186766230859, client_host_id: 157437, server_host_id: 50507, layer: 2, qos: 0, cipher_suite: 0
[298771:0112/141139:4409473592095:INFO:noc_quic_appserver.cc(473)] HandleL2AuthReq, host_id: 157437, version: 1, CreateAndSendL2AuthSuccessResp
[298771:0112/141139:4409473592112:INFO:noc_quic_appserver.cc(410)] CreateL2AuthSuccessResp, host_id: 157437, version: 1
[298771:0112/141139:4409473617182:INFO:noc_quic_appserver.cc(475)] HandleL2AuthReq, host_id: 157437, version: 1, end
[298771:0112/141210:4409505051581:INFO:noc_quic_appserver.cc(641)] HandleDeviceInfoIndication, host_id: 157437, begin
[298771:0112/141210:4409505053399:INFO:noc_quic_appserver.cc(666)] HandleDeviceInfoIndication, host_id: 157437, UploadDeviceInfoToEap
[298771:0112/141212:4409506877431:INFO:noc_quic_appserver.cc(668)] HandleDeviceInfoIndication, host_id: 157437, UploadDeviceInfoToEap return
[298771:0112/141212:4409506877452:INFO:noc_quic_appserver.cc(670)] HandleDeviceInfoIndication, host_id: 157437, CreateAndSendDeviceInfoSuccessConfirmation
[298771:0112/141212:4409506877495:INFO:noc_quic_appserver.cc(672)] HandleDeviceInfoIndication, host_id: 157437, end
[298816:0112/141216:4409510763822:VERBOSE1:(0)] [T= 69686488] [2017-01-12-14-12-16-400:762][EAP_service.cc(178)][NexusDns:ServiceWorker] [INNER]  EAPServiceWorker::DoConfirmPolicyVersion host_id: 157437, confirm_device_security_policy_version begin
[298816:0112/141216:4409510769149:VERBOSE1:(0)] [T= 69686493] [2017-01-12-14-12-16-406:88][EAP_service.cc(180)][NexusDns:ServiceWorker] [INNER]  EAPServiceWorker::DoConfirmPolicyVersion host_id: 157437, confirm_device_security_policy_version end
[298818:0112/141216:4409510888630:VERBOSE1:(0)] [T= 69686603] [2017-01-12-14-12-16-525:576][EAP_service.cc(302)][EAPRPCService:RPCThread] [INNER]  EAPRpcService::OnDevicePolicyUpdated host_id: 157437, Version: [s-1:v-1482742323144]
[298818:0112/141216:4409510888908:VERBOSE1:(0)] [T= 69686604] [2017-01-12-14-12-16-525:805][EAP_service.cc(60)][EAPService:UpdateRequest] [INNER]  EAPPolicyUpdatedRequest Constructor, device_host_id: 157437, policy_set_id: 1, policy_set_version: 1482742323144, len: 9012, policy_set_content: [{"policy_set_id":1,"name":"com.senlime.compliance.basic","description":"合规检查","params":{"valid_check_space":"720"},"target_type":0,"created":1482473990000,"updated":1482473990000,"is_enabled":true},{"policy_set_id":1,"name":"com.senlime.compliance.connection","description":"连接性验证","params":{"max_offline_time":"1d","check_fail_op":"2","delay_apply_time":"0"},"target_type":0,"created":1482473990000,"updated":1482473990000,"is_enabled":true},{"policy_set_id":1,"name":"com.senlime.compliance.encryption","description":"数据加密验证","params":{"disable_no_enable_data_encryption_device":true,"check_fail_op":"3","delay_apply_time":"0"},"target_type":0,"created":1482473990000,"updated":1482473990000,"is_enabled":true},{"policy_set_id":1,"name":"com.senl
[298816:0112/141216:4409510889030:VERBOSE1:(0)] [T= 69686604] [2017-01-12-14-12-16-525:938][EAP_service.cc(84)][EAPService:UpdateRequest] [INNER]  EAPPolicyUpdatedRequest::ToBuffer, device_host_id: 157437, policy_set_id: 1, policy_set_version: 1482742323144, len: 9012, policy_set_content: [{"policy_set_id":1,"name":"com.senlime.compliance.basic","description":"合规检查","params":{"valid_check_space":"720"},"target_type":0,"created":1482473990000,"updated":1482473990000,"is_enabled":true},{"policy_set_id":1,"name":"com.senlime.compliance.connection","description":"连接性验证","params":{"max_offline_time":"1d","check_fail_op":"2","delay_apply_time":"0"},"target_type":0,"created":1482473990000,"updated":1482473990000,"is_enabled":true},{"policy_set_id":1,"name":"com.senlime.compliance.encryption","description":"数据加密验证","params":{"disable_no_enable_data_encryption_device":true,"check_fail_op":"3","delay_apply_time":"0"},"target_type":0,"created":1482473990000,"updated":1482473990000,"is_enabled":true},{"policy_set_id":1,"name":"com.senlim
[298816:0112/141216:4409510889086:VERBOSE1:(0)] [T= 69686604] [2017-01-12-14-12-16-525:994][EAP_service.cc(103)][EAPService:UpdateRequest] [INNER]  EAPPolicyUpdatedRequest::ToBuffer, buf len: 9032, device_host_id: 157437, policy_set_id: 1, policy_set_version: 1482742323144, policy_set_content: [{"policy_set_id":1,"name":"com.senlime.compliance.basic","description":"合规检查","params":{"valid_check_space":"720"},"target_type":0,"created":1482473990000,"updated":1482473990000,"is_enabled":true},{"policy_set_id":1,"name":"com.senlime.compliance.connection","description":"连接性验证","params":{"max_offline_time":"1d","check_fail_op":"2","delay_apply_time":"0"},"target_type":0,"created":1482473990000,"updated":1482473990000,"is_enabled":true},{"policy_set_id":1,"name":"com.senlime.compliance.encryption","description":"数据加密验证","params":{"disable_no_enable_data_encryption_device":true,"check_fail_op":"3","delay_apply_time":"0"},"target_type":0,"created":1482473990000,"updated":1482473990000,"is_enabled":true},{"policy_set_id":1,"name":"com.s
[298816:0112/141216:4409510966482:VERBOSE1:(0)] [T= 69686675] [2017-01-12-14-12-16-603:430][EAP_service.cc(178)][NexusDns:ServiceWorker] [INNER]  EAPServiceWorker::DoConfirmPolicyVersion host_id: 157437, confirm_device_security_policy_version begin
[298816:0112/141216:4409510971813:VERBOSE1:(0)] [T= 69686680] [2017-01-12-14-12-16-608:749][EAP_service.cc(180)][NexusDns:ServiceWorker] [INNER]  EAPServiceWorker::DoConfirmPolicyVersion host_id: 157437, confirm_device_security_policy_version end
