[298771:0112/141137:4409471698480:INFO:noc_quic_appserver.cc(446)] HandleL2AuthReq, host_id: 157429, version: 1, begin
[298771:0112/141137:4409471698487:INFO:noc_quic_appserver.cc(454)] HandleL2AuthReq, host_id: 157429, version: 1, QueryL2Pincode
[298771:0112/141137:4409471698495:INFO:noc_quic_appserver.cc(233)] QueryL2Pincode, host_id: 157429, version: 1
[298771:0112/141137:4409471978412:INFO:noc_quic_appserver.cc(462)] HandleL2AuthReq, host_id: 157429, version: 1, pincode: 3355adf6ca76
[298771:0112/141137:4409471978435:INFO:noc_quic_appserver.cc(280)] VerifyL2AuthReq, host_id: 157429, version: 1
[298771:0112/141137:4409472003531:INFO:noc_quic_encrypter_if.cc(92)] GenerateDeviceAuthDataForProvision, device_host_id: 157429, pin: 3355adf6ca76, device_nonce: 4397bbe35f36deaa2e8b2b33e562144eb169dc8fd678748a838be89ffefa9918, device_pub_key: 196e4f732113174b50221b233d5723a82eb098fff610fd3fbe28dba2fd903b6c, out_data_s: c05d3850ececa8371c2a35b5d50ebbead82b7f5f6f5cddb9002c46a433acf542
[298771:0112/141137:4409472003547:INFO:noc_quic_appserver.cc(307)] CalculateMasterKey, host_id: 157429, version: 1
[298771:0112/141137:4409472005234:INFO:noc_quic_appserver.cc(338)] SaveMasterKey, host_id: 157429, version: 1
[298771:0112/141137:4409472005259:INFO:table_host_conn_sqlite.cc(88)] TableHostConnSqlite::UpdateImpl, id: 676152406492491, client_host_id: 157429, server_host_id: 50507, layer: 2, qos: 0, cipher_suite: 0
[298771:0112/141137:4409472005351:INFO:table_host_conn_sqlite.cc(43)] TableHostConnSqlite::InsertImpl, id: 676152406492491, client_host_id: 157429, server_host_id: 50507, layer: 2, qos: 0, cipher_suite: 0
[298771:0112/141137:4409472007248:INFO:noc_quic_appserver.cc(473)] HandleL2AuthReq, host_id: 157429, version: 1, CreateAndSendL2AuthSuccessResp
[298771:0112/141137:4409472007264:INFO:noc_quic_appserver.cc(410)] CreateL2AuthSuccessResp, host_id: 157429, version: 1
[298771:0112/141137:4409472032194:INFO:noc_quic_appserver.cc(475)] HandleL2AuthReq, host_id: 157429, version: 1, end
[298771:0112/141203:4409497805027:INFO:noc_quic_appserver.cc(641)] HandleDeviceInfoIndication, host_id: 157429, begin
[298771:0112/141203:4409497806710:INFO:noc_quic_appserver.cc(666)] HandleDeviceInfoIndication, host_id: 157429, UploadDeviceInfoToEap
[298771:0112/141205:4409499748173:INFO:noc_quic_appserver.cc(668)] HandleDeviceInfoIndication, host_id: 157429, UploadDeviceInfoToEap return
[298771:0112/141205:4409499748185:INFO:noc_quic_appserver.cc(670)] HandleDeviceInfoIndication, host_id: 157429, CreateAndSendDeviceInfoSuccessConfirmation
[298771:0112/141205:4409499748228:INFO:noc_quic_appserver.cc(672)] HandleDeviceInfoIndication, host_id: 157429, end
[298816:0112/141215:4409510261425:VERBOSE1:(0)] [T= 69686026] [2017-01-12-14-12-15-898:374][EAP_service.cc(178)][NexusDns:ServiceWorker] [INNER]  EAPServiceWorker::DoConfirmPolicyVersion host_id: 157429, confirm_device_security_policy_version begin
[298816:0112/141215:4409510269025:VERBOSE1:(0)] [T= 69686033] [2017-01-12-14-12-15-905:964][EAP_service.cc(180)][NexusDns:ServiceWorker] [INNER]  EAPServiceWorker::DoConfirmPolicyVersion host_id: 157429, confirm_device_security_policy_version end
[298818:0112/141215:4409510349246:VERBOSE1:(0)] [T= 69686106] [2017-01-12-14-12-15-986:194][EAP_service.cc(302)][EAPRPCService:RPCThread] [INNER]  EAPRpcService::OnDevicePolicyUpdated host_id: 157429, Version: [s-1:v-1482742323144]
[298818:0112/141215:4409510349351:VERBOSE1:(0)] [T= 69686106] [2017-01-12-14-12-15-986:256][EAP_service.cc(60)][EAPService:UpdateRequest] [INNER]  EAPPolicyUpdatedRequest Constructor, device_host_id: 157429, policy_set_id: 1, policy_set_version: 1482742323144, len: 9012, policy_set_content: [{"policy_set_id":1,"name":"com.senlime.compliance.basic","description":"合规检查","params":{"valid_check_space":"720"},"target_type":0,"created":1482473990000,"updated":1482473990000,"is_enabled":true},{"policy_set_id":1,"name":"com.senlime.compliance.connection","description":"连接性验证","params":{"max_offline_time":"1d","check_fail_op":"2","delay_apply_time":"0"},"target_type":0,"created":1482473990000,"updated":1482473990000,"is_enabled":true},{"policy_set_id":1,"name":"com.senlime.compliance.encryption","description":"数据加密验证","params":{"disable_no_enable_data_encryption_device":true,"check_fail_op":"3","delay_apply_time":"0"},"target_type":0,"created":1482473990000,"updated":1482473990000,"is_enabled":true},{"policy_set_id":1,"name":"com.senl
[298816:0112/141215:4409510349520:VERBOSE1:(0)] [T= 69686107] [2017-01-12-14-12-15-986:427][EAP_service.cc(84)][EAPService:UpdateRequest] [INNER]  EAPPolicyUpdatedRequest::ToBuffer, device_host_id: 157429, policy_set_id: 1, policy_set_version: 1482742323144, len: 9012, policy_set_content: [{"policy_set_id":1,"name":"com.senlime.compliance.basic","description":"合规检查","params":{"valid_check_space":"720"},"target_type":0,"created":1482473990000,"updated":1482473990000,"is_enabled":true},{"policy_set_id":1,"name":"com.senlime.compliance.connection","description":"连接性验证","params":{"max_offline_time":"1d","check_fail_op":"2","delay_apply_time":"0"},"target_type":0,"created":1482473990000,"updated":1482473990000,"is_enabled":true},{"policy_set_id":1,"name":"com.senlime.compliance.encryption","description":"数据加密验证","params":{"disable_no_enable_data_encryption_device":true,"check_fail_op":"3","delay_apply_time":"0"},"target_type":0,"created":1482473990000,"updated":1482473990000,"is_enabled":true},{"policy_set_id":1,"name":"com.senlim
[298816:0112/141215:4409510349584:VERBOSE1:(0)] [T= 69686107] [2017-01-12-14-12-15-986:485][EAP_service.cc(103)][EAPService:UpdateRequest] [INNER]  EAPPolicyUpdatedRequest::ToBuffer, buf len: 9032, device_host_id: 157429, policy_set_id: 1, policy_set_version: 1482742323144, policy_set_content: [{"policy_set_id":1,"name":"com.senlime.compliance.basic","description":"合规检查","params":{"valid_check_space":"720"},"target_type":0,"created":1482473990000,"updated":1482473990000,"is_enabled":true},{"policy_set_id":1,"name":"com.senlime.compliance.connection","description":"连接性验证","params":{"max_offline_time":"1d","check_fail_op":"2","delay_apply_time":"0"},"target_type":0,"created":1482473990000,"updated":1482473990000,"is_enabled":true},{"policy_set_id":1,"name":"com.senlime.compliance.encryption","description":"数据加密验证","params":{"disable_no_enable_data_encryption_device":true,"check_fail_op":"3","delay_apply_time":"0"},"target_type":0,"created":1482473990000,"updated":1482473990000,"is_enabled":true},{"policy_set_id":1,"name":"com.s
[298816:0112/141216:4409510819926:VERBOSE1:(0)] [T= 69686540] [2017-01-12-14-12-16-456:868][EAP_service.cc(178)][NexusDns:ServiceWorker] [INNER]  EAPServiceWorker::DoConfirmPolicyVersion host_id: 157429, confirm_device_security_policy_version begin
[298816:0112/141216:4409510825907:VERBOSE1:(0)] [T= 69686546] [2017-01-12-14-12-16-462:842][EAP_service.cc(180)][NexusDns:ServiceWorker] [INNER]  EAPServiceWorker::DoConfirmPolicyVersion host_id: 157429, confirm_device_security_policy_version end
