[298771:0112/141139:4409473930193:INFO:noc_quic_appserver.cc(446)] HandleL2AuthReq, host_id: 157440, version: 1, begin
[298771:0112/141139:4409473930205:INFO:noc_quic_appserver.cc(454)] HandleL2AuthReq, host_id: 157440, version: 1, QueryL2Pincode
[298771:0112/141139:4409473930213:INFO:noc_quic_appserver.cc(233)] QueryL2Pincode, host_id: 157440, version: 1
[298771:0112/141139:4409474186349:INFO:noc_quic_appserver.cc(462)] HandleL2AuthReq, host_id: 157440, version: 1, pincode: 437ffa2c64be
[298771:0112/141139:4409474186368:INFO:noc_quic_appserver.cc(280)] VerifyL2AuthReq, host_id: 157440, version: 1
[298771:0112/141139:4409474211317:INFO:noc_quic_encrypter_if.cc(92)] GenerateDeviceAuthDataForProvision, device_host_id: 157440, pin: 437ffa2c64be, device_nonce: 646d65f7923821e81da07c4c0242c484d6c424813b290fbea2c71ffef236adb8, device_pub_key: 9754b072ab4d593036040426548b0433a871d3368cac3d31cbcf64afce0dc131, out_data_s: 0c27e0bdbfb165b189f8b7ece613e1f1b579e7fdcfc81f0fa22387810308569a
[298771:0112/141139:4409474211342:INFO:noc_quic_appserver.cc(307)] CalculateMasterKey, host_id: 157440, version: 1
[298771:0112/141139:4409474213064:INFO:noc_quic_appserver.cc(338)] SaveMasterKey, host_id: 157440, version: 1
[298771:0112/141139:4409474213091:INFO:table_host_conn_sqlite.cc(88)] TableHostConnSqlite::UpdateImpl, id: 676199651132747, client_host_id: 157440, server_host_id: 50507, layer: 2, qos: 0, cipher_suite: 0
[298771:0112/141139:4409474213196:INFO:table_host_conn_sqlite.cc(43)] TableHostConnSqlite::InsertImpl, id: 676199651132747, client_host_id: 157440, server_host_id: 50507, layer: 2, qos: 0, cipher_suite: 0
[298771:0112/141139:4409474215268:INFO:noc_quic_appserver.cc(473)] HandleL2AuthReq, host_id: 157440, version: 1, CreateAndSendL2AuthSuccessResp
[298771:0112/141139:4409474215285:INFO:noc_quic_appserver.cc(410)] CreateL2AuthSuccessResp, host_id: 157440, version: 1
[298771:0112/141139:4409474240362:INFO:noc_quic_appserver.cc(475)] HandleL2AuthReq, host_id: 157440, version: 1, end
[298771:0112/141214:4409508466882:INFO:noc_quic_appserver.cc(641)] HandleDeviceInfoIndication, host_id: 157440, begin
[298771:0112/141214:4409508469023:INFO:noc_quic_appserver.cc(666)] HandleDeviceInfoIndication, host_id: 157440, UploadDeviceInfoToEap
[298771:0112/141215:4409509790080:INFO:noc_quic_appserver.cc(668)] HandleDeviceInfoIndication, host_id: 157440, UploadDeviceInfoToEap return
[298771:0112/141215:4409509790097:INFO:noc_quic_appserver.cc(670)] HandleDeviceInfoIndication, host_id: 157440, CreateAndSendDeviceInfoSuccessConfirmation
[298771:0112/141215:4409509790140:INFO:noc_quic_appserver.cc(672)] HandleDeviceInfoIndication, host_id: 157440, end
[298816:0112/141216:4409510786430:VERBOSE1:(0)] [T= 69686509] [2017-01-12-14-12-16-423:378][EAP_service.cc(178)][NexusDns:ServiceWorker] [INNER]  EAPServiceWorker::DoConfirmPolicyVersion host_id: 157440, confirm_device_security_policy_version begin
[298816:0112/141216:4409510792752:VERBOSE1:(0)] [T= 69686515] [2017-01-12-14-12-16-429:690][EAP_service.cc(180)][NexusDns:ServiceWorker] [INNER]  EAPServiceWorker::DoConfirmPolicyVersion host_id: 157440, confirm_device_security_policy_version end
[298818:0112/141216:4409510954485:VERBOSE1:(0)] [T= 69686664] [2017-01-12-14-12-16-591:424][EAP_service.cc(302)][EAPRPCService:RPCThread] [INNER]  EAPRpcService::OnDevicePolicyUpdated host_id: 157440, Version: [s-1:v-1482742323144]
[298818:0112/141216:4409510954692:VERBOSE1:(0)] [T= 69686664] [2017-01-12-14-12-16-591:565][EAP_service.cc(60)][EAPService:UpdateRequest] [INNER]  EAPPolicyUpdatedRequest Constructor, device_host_id: 157440, policy_set_id: 1, policy_set_version: 1482742323144, len: 9012, policy_set_content: [{"policy_set_id":1,"name":"com.senlime.compliance.basic","description":"合规检查","params":{"valid_check_space":"720"},"target_type":0,"created":1482473990000,"updated":1482473990000,"is_enabled":true},{"policy_set_id":1,"name":"com.senlime.compliance.connection","description":"连接性验证","params":{"max_offline_time":"1d","check_fail_op":"2","delay_apply_time":"0"},"target_type":0,"created":1482473990000,"updated":1482473990000,"is_enabled":true},{"policy_set_id":1,"name":"com.senlime.compliance.encryption","description":"数据加密验证","params":{"disable_no_enable_data_encryption_device":true,"check_fail_op":"3","delay_apply_time":"0"},"target_type":0,"created":1482473990000,"updated":1482473990000,"is_enabled":true},{"policy_set_id":1,"name":"com.senl
[298816:0112/141216:4409510954882:VERBOSE1:(0)] [T= 69686664] [2017-01-12-14-12-16-591:761][EAP_service.cc(84)][EAPService:UpdateRequest] [INNER]  EAPPolicyUpdatedRequest::ToBuffer, device_host_id: 157440, policy_set_id: 1, policy_set_version: 1482742323144, len: 9012, policy_set_content: [{"policy_set_id":1,"name":"com.senlime.compliance.basic","description":"合规检查","params":{"valid_check_space":"720"},"target_type":0,"created":1482473990000,"updated":1482473990000,"is_enabled":true},{"policy_set_id":1,"name":"com.senlime.compliance.connection","description":"连接性验证","params":{"max_offline_time":"1d","check_fail_op":"2","delay_apply_time":"0"},"target_type":0,"created":1482473990000,"updated":1482473990000,"is_enabled":true},{"policy_set_id":1,"name":"com.senlime.compliance.encryption","description":"数据加密验证","params":{"disable_no_enable_data_encryption_device":true,"check_fail_op":"3","delay_apply_time":"0"},"target_type":0,"created":1482473990000,"updated":1482473990000,"is_enabled":true},{"policy_set_id":1,"name":"com.senlim
[298816:0112/141216:4409510954993:VERBOSE1:(0)] [T= 69686665] [2017-01-12-14-12-16-591:864][EAP_service.cc(103)][EAPService:UpdateRequest] [INNER]  EAPPolicyUpdatedRequest::ToBuffer, buf len: 9032, device_host_id: 157440, policy_set_id: 1, policy_set_version: 1482742323144, policy_set_content: [{"policy_set_id":1,"name":"com.senlime.compliance.basic","description":"合规检查","params":{"valid_check_space":"720"},"target_type":0,"created":1482473990000,"updated":1482473990000,"is_enabled":true},{"policy_set_id":1,"name":"com.senlime.compliance.connection","description":"连接性验证","params":{"max_offline_time":"1d","check_fail_op":"2","delay_apply_time":"0"},"target_type":0,"created":1482473990000,"updated":1482473990000,"is_enabled":true},{"policy_set_id":1,"name":"com.senlime.compliance.encryption","description":"数据加密验证","params":{"disable_no_enable_data_encryption_device":true,"check_fail_op":"3","delay_apply_time":"0"},"target_type":0,"created":1482473990000,"updated":1482473990000,"is_enabled":true},{"policy_set_id":1,"name":"com.s
[298816:0112/141216:4409510994469:VERBOSE1:(0)] [T= 69686701] [2017-01-12-14-12-16-631:416][EAP_service.cc(178)][NexusDns:ServiceWorker] [INNER]  EAPServiceWorker::DoConfirmPolicyVersion host_id: 157440, confirm_device_security_policy_version begin
[298816:0112/141216:4409511001148:VERBOSE1:(0)] [T= 69686707] [2017-01-12-14-12-16-638:74][EAP_service.cc(180)][NexusDns:ServiceWorker] [INNER]  EAPServiceWorker::DoConfirmPolicyVersion host_id: 157440, confirm_device_security_policy_version end
