[298771:0112/141137:4409472363307:INFO:noc_quic_appserver.cc(446)] HandleL2AuthReq, host_id: 157436, version: 1, begin
[298771:0112/141137:4409472363314:INFO:noc_quic_appserver.cc(454)] HandleL2AuthReq, host_id: 157436, version: 1, QueryL2Pincode
[298771:0112/141137:4409472363322:INFO:noc_quic_appserver.cc(233)] QueryL2Pincode, host_id: 157436, version: 1
[298771:0112/141138:4409472623283:INFO:noc_quic_appserver.cc(462)] HandleL2AuthReq, host_id: 157436, version: 1, pincode: 43199f422769
[298771:0112/141138:4409472623303:INFO:noc_quic_appserver.cc(280)] VerifyL2AuthReq, host_id: 157436, version: 1
[298771:0112/141138:4409472648087:INFO:noc_quic_encrypter_if.cc(92)] GenerateDeviceAuthDataForProvision, device_host_id: 157436, pin: 43199f422769, device_nonce: 3f050d335c42a9309c3f879a93fd36fd0d03ac77ef5cd643cbcfdee4ddf381a4, device_pub_key: 380636b1ec5004d41f9a804ce618d59673a5f36076320c3acf317e4a0257792b, out_data_s: 4890f76e9d4cbf31540f5bdc4a221b0a4242fd5cf10bdb38743bb813a4c89c47
[298771:0112/141138:4409472648112:INFO:noc_quic_appserver.cc(307)] CalculateMasterKey, host_id: 157436, version: 1
[298771:0112/141138:4409472649800:INFO:noc_quic_appserver.cc(338)] SaveMasterKey, host_id: 157436, version: 1
[298771:0112/141138:4409472649826:INFO:table_host_conn_sqlite.cc(88)] TableHostConnSqlite::UpdateImpl, id: 676182471263563, client_host_id: 157436, server_host_id: 50507, layer: 2, qos: 0, cipher_suite: 0
[298771:0112/141138:4409472649944:INFO:table_host_conn_sqlite.cc(43)] TableHostConnSqlite::InsertImpl, id: 676182471263563, client_host_id: 157436, server_host_id: 50507, layer: 2, qos: 0, cipher_suite: 0
[298771:0112/141138:4409472651737:INFO:noc_quic_appserver.cc(473)] HandleL2AuthReq, host_id: 157436, version: 1, CreateAndSendL2AuthSuccessResp
[298771:0112/141138:4409472651754:INFO:noc_quic_appserver.cc(410)] CreateL2AuthSuccessResp, host_id: 157436, version: 1
[298771:0112/141138:4409472676901:INFO:noc_quic_appserver.cc(475)] HandleL2AuthReq, host_id: 157436, version: 1, end
[298771:0112/141207:4409501671303:INFO:noc_quic_appserver.cc(641)] HandleDeviceInfoIndication, host_id: 157436, begin
[298771:0112/141207:4409501673043:INFO:noc_quic_appserver.cc(666)] HandleDeviceInfoIndication, host_id: 157436, UploadDeviceInfoToEap
[298771:0112/141208:4409503365320:INFO:noc_quic_appserver.cc(668)] HandleDeviceInfoIndication, host_id: 157436, UploadDeviceInfoToEap return
[298771:0112/141208:4409503365336:INFO:noc_quic_appserver.cc(670)] HandleDeviceInfoIndication, host_id: 157436, CreateAndSendDeviceInfoSuccessConfirmation
[298771:0112/141208:4409503365379:INFO:noc_quic_appserver.cc(672)] HandleDeviceInfoIndication, host_id: 157436, end
[298816:0112/141216:4409510751926:VERBOSE1:(0)] [T= 69686477] [2017-01-12-14-12-16-388:867][EAP_service.cc(178)][NexusDns:ServiceWorker] [INNER]  EAPServiceWorker::DoConfirmPolicyVersion host_id: 157436, confirm_device_security_policy_version begin
[298816:0112/141216:4409510757100:VERBOSE1:(0)] [T= 69686482] [2017-01-12-14-12-16-394:40][EAP_service.cc(180)][NexusDns:ServiceWorker] [INNER]  EAPServiceWorker::DoConfirmPolicyVersion host_id: 157436, confirm_device_security_policy_version end
[298818:0112/141216:4409510823590:VERBOSE1:(0)] [T= 69686544] [2017-01-12-14-12-16-460:529][EAP_service.cc(302)][EAPRPCService:RPCThread] [INNER]  EAPRpcService::OnDevicePolicyUpdated host_id: 157436, Version: [s-1:v-1482742323144]
[298818:0112/141216:4409510823833:VERBOSE1:(0)] [T= 69686544] [2017-01-12-14-12-16-460:707][EAP_service.cc(60)][EAPService:UpdateRequest] [INNER]  EAPPolicyUpdatedRequest Constructor, device_host_id: 157436, policy_set_id: 1, policy_set_version: 1482742323144, len: 9012, policy_set_content: [{"policy_set_id":1,"name":"com.senlime.compliance.basic","description":"合规检查","params":{"valid_check_space":"720"},"target_type":0,"created":1482473990000,"updated":1482473990000,"is_enabled":true},{"policy_set_id":1,"name":"com.senlime.compliance.connection","description":"连接性验证","params":{"max_offline_time":"1d","check_fail_op":"2","delay_apply_time":"0"},"target_type":0,"created":1482473990000,"updated":1482473990000,"is_enabled":true},{"policy_set_id":1,"name":"com.senlime.compliance.encryption","description":"数据加密验证","params":{"disable_no_enable_data_encryption_device":true,"check_fail_op":"3","delay_apply_time":"0"},"target_type":0,"created":1482473990000,"updated":1482473990000,"is_enabled":true},{"policy_set_id":1,"name":"com.senl
[298816:0112/141216:4409510826013:VERBOSE1:(0)] [T= 69686546] [2017-01-12-14-12-16-462:920][EAP_service.cc(84)][EAPService:UpdateRequest] [INNER]  EAPPolicyUpdatedRequest::ToBuffer, device_host_id: 157436, policy_set_id: 1, policy_set_version: 1482742323144, len: 9012, policy_set_content: [{"policy_set_id":1,"name":"com.senlime.compliance.basic","description":"合规检查","params":{"valid_check_space":"720"},"target_type":0,"created":1482473990000,"updated":1482473990000,"is_enabled":true},{"policy_set_id":1,"name":"com.senlime.compliance.connection","description":"连接性验证","params":{"max_offline_time":"1d","check_fail_op":"2","delay_apply_time":"0"},"target_type":0,"created":1482473990000,"updated":1482473990000,"is_enabled":true},{"policy_set_id":1,"name":"com.senlime.compliance.encryption","description":"数据加密验证","params":{"disable_no_enable_data_encryption_device":true,"check_fail_op":"3","delay_apply_time":"0"},"target_type":0,"created":1482473990000,"updated":1482473990000,"is_enabled":true},{"policy_set_id":1,"name":"com.senlim
[298816:0112/141216:4409510826069:VERBOSE1:(0)] [T= 69686546] [2017-01-12-14-12-16-462:977][EAP_service.cc(103)][EAPService:UpdateRequest] [INNER]  EAPPolicyUpdatedRequest::ToBuffer, buf len: 9032, device_host_id: 157436, policy_set_id: 1, policy_set_version: 1482742323144, policy_set_content: [{"policy_set_id":1,"name":"com.senlime.compliance.basic","description":"合规检查","params":{"valid_check_space":"720"},"target_type":0,"created":1482473990000,"updated":1482473990000,"is_enabled":true},{"policy_set_id":1,"name":"com.senlime.compliance.connection","description":"连接性验证","params":{"max_offline_time":"1d","check_fail_op":"2","delay_apply_time":"0"},"target_type":0,"created":1482473990000,"updated":1482473990000,"is_enabled":true},{"policy_set_id":1,"name":"com.senlime.compliance.encryption","description":"数据加密验证","params":{"disable_no_enable_data_encryption_device":true,"check_fail_op":"3","delay_apply_time":"0"},"target_type":0,"created":1482473990000,"updated":1482473990000,"is_enabled":true},{"policy_set_id":1,"name":"com.s
[298816:0112/141216:4409510878097:VERBOSE1:(0)] [T= 69686594] [2017-01-12-14-12-16-515:44][EAP_service.cc(178)][NexusDns:ServiceWorker] [INNER]  EAPServiceWorker::DoConfirmPolicyVersion host_id: 157436, confirm_device_security_policy_version begin
[298816:0112/141216:4409510884046:VERBOSE1:(0)] [T= 69686599] [2017-01-12-14-12-16-520:985][EAP_service.cc(180)][NexusDns:ServiceWorker] [INNER]  EAPServiceWorker::DoConfirmPolicyVersion host_id: 157436, confirm_device_security_policy_version end
