[298771:0112/141137:4409471380416:INFO:noc_quic_appserver.cc(446)] HandleL2AuthReq, host_id: 157428, version: 1, begin
[298771:0112/141137:4409471380423:INFO:noc_quic_appserver.cc(454)] HandleL2AuthReq, host_id: 157428, version: 1, QueryL2Pincode
[298771:0112/141137:4409471380435:INFO:noc_quic_appserver.cc(233)] QueryL2Pincode, host_id: 157428, version: 1
[298771:0112/141137:4409471643910:INFO:noc_quic_appserver.cc(462)] HandleL2AuthReq, host_id: 157428, version: 1, pincode: 871c8ec22cfd
[298771:0112/141137:4409471643944:INFO:noc_quic_appserver.cc(280)] VerifyL2AuthReq, host_id: 157428, version: 1
[298771:0112/141137:4409471668868:INFO:noc_quic_encrypter_if.cc(92)] GenerateDeviceAuthDataForProvision, device_host_id: 157428, pin: 871c8ec22cfd, device_nonce: 52da27e6b62fc2acee46b8e8f3c2b0315066b3d95103307fbf79848ef721da23, device_pub_key: 10e444897d893f83f2617f6e584f5b4e4b48cbd0b782de6d04fe48547556fe67, out_data_s: f8185f935fa593ddfc0a1da555519fe472b42cf26e84e7f7e7fa1b8080453da7
[298771:0112/141137:4409471668884:INFO:noc_quic_appserver.cc(307)] CalculateMasterKey, host_id: 157428, version: 1
[298771:0112/141137:4409471670536:INFO:noc_quic_appserver.cc(338)] SaveMasterKey, host_id: 157428, version: 1
[298771:0112/141137:4409471670555:INFO:table_host_conn_sqlite.cc(88)] TableHostConnSqlite::UpdateImpl, id: 676148111525195, client_host_id: 157428, server_host_id: 50507, layer: 2, qos: 0, cipher_suite: 0
[298771:0112/141137:4409471670667:INFO:table_host_conn_sqlite.cc(43)] TableHostConnSqlite::InsertImpl, id: 676148111525195, client_host_id: 157428, server_host_id: 50507, layer: 2, qos: 0, cipher_suite: 0
[298771:0112/141137:4409471672816:INFO:noc_quic_appserver.cc(473)] HandleL2AuthReq, host_id: 157428, version: 1, CreateAndSendL2AuthSuccessResp
[298771:0112/141137:4409471672845:INFO:noc_quic_appserver.cc(410)] CreateL2AuthSuccessResp, host_id: 157428, version: 1
[298771:0112/141137:4409471697750:INFO:noc_quic_appserver.cc(475)] HandleL2AuthReq, host_id: 157428, version: 1, end
[298771:0112/141201:4409496267159:INFO:noc_quic_appserver.cc(641)] HandleDeviceInfoIndication, host_id: 157428, begin
[298771:0112/141201:4409496269134:INFO:noc_quic_appserver.cc(666)] HandleDeviceInfoIndication, host_id: 157428, UploadDeviceInfoToEap
[298771:0112/141203:4409497804450:INFO:noc_quic_appserver.cc(668)] HandleDeviceInfoIndication, host_id: 157428, UploadDeviceInfoToEap return
[298771:0112/141203:4409497804487:INFO:noc_quic_appserver.cc(670)] HandleDeviceInfoIndication, host_id: 157428, CreateAndSendDeviceInfoSuccessConfirmation
[298771:0112/141203:4409497804537:INFO:noc_quic_appserver.cc(672)] HandleDeviceInfoIndication, host_id: 157428, end
[298816:0112/141215:4409510224462:VERBOSE1:(0)] [T= 69685993] [2017-01-12-14-12-15-861:407][EAP_service.cc(178)][NexusDns:ServiceWorker] [INNER]  EAPServiceWorker::DoConfirmPolicyVersion host_id: 157428, confirm_device_security_policy_version begin
[298816:0112/141215:4409510233156:VERBOSE1:(0)] [T= 69686000] [2017-01-12-14-12-15-870:91][EAP_service.cc(180)][NexusDns:ServiceWorker] [INNER]  EAPServiceWorker::DoConfirmPolicyVersion host_id: 157428, confirm_device_security_policy_version end
[298818:0112/141215:4409510311677:VERBOSE1:(0)] [T= 69686072] [2017-01-12-14-12-15-948:625][EAP_service.cc(302)][EAPRPCService:RPCThread] [INNER]  EAPRpcService::OnDevicePolicyUpdated host_id: 157428, Version: [s-1:v-1482742323144]
[298818:0112/141215:4409510311822:VERBOSE1:(0)] [T= 69686072] [2017-01-12-14-12-15-948:716][EAP_service.cc(60)][EAPService:UpdateRequest] [INNER]  EAPPolicyUpdatedRequest Constructor, device_host_id: 157428, policy_set_id: 1, policy_set_version: 1482742323144, len: 9012, policy_set_content: [{"policy_set_id":1,"name":"com.senlime.compliance.basic","description":"合规检查","params":{"valid_check_space":"720"},"target_type":0,"created":1482473990000,"updated":1482473990000,"is_enabled":true},{"policy_set_id":1,"name":"com.senlime.compliance.connection","description":"连接性验证","params":{"max_offline_time":"1d","check_fail_op":"2","delay_apply_time":"0"},"target_type":0,"created":1482473990000,"updated":1482473990000,"is_enabled":true},{"policy_set_id":1,"name":"com.senlime.compliance.encryption","description":"数据加密验证","params":{"disable_no_enable_data_encryption_device":true,"check_fail_op":"3","delay_apply_time":"0"},"target_type":0,"created":1482473990000,"updated":1482473990000,"is_enabled":true},{"policy_set_id":1,"name":"com.senl
[298816:0112/141215:4409510311997:VERBOSE1:(0)] [T= 69686072] [2017-01-12-14-12-15-948:898][EAP_service.cc(84)][EAPService:UpdateRequest] [INNER]  EAPPolicyUpdatedRequest::ToBuffer, device_host_id: 157428, policy_set_id: 1, policy_set_version: 1482742323144, len: 9012, policy_set_content: [{"policy_set_id":1,"name":"com.senlime.compliance.basic","description":"合规检查","params":{"valid_check_space":"720"},"target_type":0,"created":1482473990000,"updated":1482473990000,"is_enabled":true},{"policy_set_id":1,"name":"com.senlime.compliance.connection","description":"连接性验证","params":{"max_offline_time":"1d","check_fail_op":"2","delay_apply_time":"0"},"target_type":0,"created":1482473990000,"updated":1482473990000,"is_enabled":true},{"policy_set_id":1,"name":"com.senlime.compliance.encryption","description":"数据加密验证","params":{"disable_no_enable_data_encryption_device":true,"check_fail_op":"3","delay_apply_time":"0"},"target_type":0,"created":1482473990000,"updated":1482473990000,"is_enabled":true},{"policy_set_id":1,"name":"com.senlim
[298816:0112/141215:4409510312103:VERBOSE1:(0)] [T= 69686072] [2017-01-12-14-12-15-948:977][EAP_service.cc(103)][EAPService:UpdateRequest] [INNER]  EAPPolicyUpdatedRequest::ToBuffer, buf len: 9032, device_host_id: 157428, policy_set_id: 1, policy_set_version: 1482742323144, policy_set_content: [{"policy_set_id":1,"name":"com.senlime.compliance.basic","description":"合规检查","params":{"valid_check_space":"720"},"target_type":0,"created":1482473990000,"updated":1482473990000,"is_enabled":true},{"policy_set_id":1,"name":"com.senlime.compliance.connection","description":"连接性验证","params":{"max_offline_time":"1d","check_fail_op":"2","delay_apply_time":"0"},"target_type":0,"created":1482473990000,"updated":1482473990000,"is_enabled":true},{"policy_set_id":1,"name":"com.senlime.compliance.encryption","description":"数据加密验证","params":{"disable_no_enable_data_encryption_device":true,"check_fail_op":"3","delay_apply_time":"0"},"target_type":0,"created":1482473990000,"updated":1482473990000,"is_enabled":true},{"policy_set_id":1,"name":"com.s
[298816:0112/141216:4409510809815:VERBOSE1:(0)] [T= 69686531] [2017-01-12-14-12-16-446:748][EAP_service.cc(178)][NexusDns:ServiceWorker] [INNER]  EAPServiceWorker::DoConfirmPolicyVersion host_id: 157428, confirm_device_security_policy_version begin
[298816:0112/141216:4409510816093:VERBOSE1:(0)] [T= 69686537] [2017-01-12-14-12-16-453:36][EAP_service.cc(180)][NexusDns:ServiceWorker] [INNER]  EAPServiceWorker::DoConfirmPolicyVersion host_id: 157428, confirm_device_security_policy_version end
