[298771:0112/141134:4409469030622:INFO:noc_quic_appserver.cc(446)] HandleL2AuthReq, host_id: 157420, version: 1, begin
[298771:0112/141134:4409469030630:INFO:noc_quic_appserver.cc(454)] HandleL2AuthReq, host_id: 157420, version: 1, QueryL2Pincode
[298771:0112/141134:4409469030638:INFO:noc_quic_appserver.cc(233)] QueryL2Pincode, host_id: 157420, version: 1
[298771:0112/141134:4409469303575:INFO:noc_quic_appserver.cc(462)] HandleL2AuthReq, host_id: 157420, version: 1, pincode: 2e3fd677f35c
[298771:0112/141134:4409469303748:INFO:noc_quic_appserver.cc(280)] VerifyL2AuthReq, host_id: 157420, version: 1
[298771:0112/141134:4409469330825:INFO:noc_quic_encrypter_if.cc(92)] GenerateDeviceAuthDataForProvision, device_host_id: 157420, pin: 2e3fd677f35c, device_nonce: 9d54966554d9ba9844f98d8fc8466d9a35349ff1fdc466a8ac309729a06e73d4, device_pub_key: 4765c7ba1f90bb16677059521ef681a1364642e5e10cfc559cbab9b7f36ef912, out_data_s: a68fa01d7e97619ac86317ce805bcaff427b2fc32fcc36d6639c158dae577ab2
[298771:0112/141134:4409469330847:INFO:noc_quic_appserver.cc(307)] CalculateMasterKey, host_id: 157420, version: 1
[298771:0112/141134:4409469332568:INFO:noc_quic_appserver.cc(338)] SaveMasterKey, host_id: 157420, version: 1
[298771:0112/141134:4409469332601:INFO:table_host_conn_sqlite.cc(88)] TableHostConnSqlite::UpdateImpl, id: 676113751786827, client_host_id: 157420, server_host_id: 50507, layer: 2, qos: 0, cipher_suite: 0
[298771:0112/141134:4409469332798:INFO:table_host_conn_sqlite.cc(43)] TableHostConnSqlite::InsertImpl, id: 676113751786827, client_host_id: 157420, server_host_id: 50507, layer: 2, qos: 0, cipher_suite: 0
[298771:0112/141134:4409469335088:INFO:noc_quic_appserver.cc(473)] HandleL2AuthReq, host_id: 157420, version: 1, CreateAndSendL2AuthSuccessResp
[298771:0112/141134:4409469335120:INFO:noc_quic_appserver.cc(410)] CreateL2AuthSuccessResp, host_id: 157420, version: 1
[298771:0112/141135:4409469378165:INFO:noc_quic_appserver.cc(475)] HandleL2AuthReq, host_id: 157420, version: 1, end
[298771:0112/141150:4409485051973:INFO:noc_quic_appserver.cc(641)] HandleDeviceInfoIndication, host_id: 157420, begin
[298771:0112/141150:4409485053418:INFO:noc_quic_appserver.cc(666)] HandleDeviceInfoIndication, host_id: 157420, UploadDeviceInfoToEap
[298771:0112/141151:4409485625704:INFO:noc_quic_appserver.cc(668)] HandleDeviceInfoIndication, host_id: 157420, UploadDeviceInfoToEap return
[298771:0112/141151:4409485625716:INFO:noc_quic_appserver.cc(670)] HandleDeviceInfoIndication, host_id: 157420, CreateAndSendDeviceInfoSuccessConfirmation
[298771:0112/141151:4409485625758:INFO:noc_quic_appserver.cc(672)] HandleDeviceInfoIndication, host_id: 157420, end
[298816:0112/141158:4409492804762:VERBOSE1:(0)] [T= 69670019] [2017-01-12-14-11-58-441:696][EAP_service.cc(178)][NexusDns:ServiceWorker] [INNER]  EAPServiceWorker::DoConfirmPolicyVersion host_id: 157420, confirm_device_security_policy_version begin
[298816:0112/141158:4409492816660:VERBOSE1:(0)] [T= 69670030] [2017-01-12-14-11-58-453:595][EAP_service.cc(180)][NexusDns:ServiceWorker] [INNER]  EAPServiceWorker::DoConfirmPolicyVersion host_id: 157420, confirm_device_security_policy_version end
[298818:0112/141158:4409493319121:VERBOSE1:(0)] [T= 69670489] [2017-01-12-14-11-58-956:64][EAP_service.cc(302)][EAPRPCService:RPCThread] [INNER]  EAPRpcService::OnDevicePolicyUpdated host_id: 157420, Version: [s-1:v-1482742323144]
[298818:0112/141158:4409493319266:VERBOSE1:(0)] [T= 69670489] [2017-01-12-14-11-58-956:172][EAP_service.cc(60)][EAPService:UpdateRequest] [INNER]  EAPPolicyUpdatedRequest Constructor, device_host_id: 157420, policy_set_id: 1, policy_set_version: 1482742323144, len: 9012, policy_set_content: [{"policy_set_id":1,"name":"com.senlime.compliance.basic","description":"合规检查","params":{"valid_check_space":"720"},"target_type":0,"created":1482473990000,"updated":1482473990000,"is_enabled":true},{"policy_set_id":1,"name":"com.senlime.compliance.connection","description":"连接性验证","params":{"max_offline_time":"1d","check_fail_op":"2","delay_apply_time":"0"},"target_type":0,"created":1482473990000,"updated":1482473990000,"is_enabled":true},{"policy_set_id":1,"name":"com.senlime.compliance.encryption","description":"数据加密验证","params":{"disable_no_enable_data_encryption_device":true,"check_fail_op":"3","delay_apply_time":"0"},"target_type":0,"created":1482473990000,"updated":1482473990000,"is_enabled":true},{"policy_set_id":1,"name":"com.senl
[298816:0112/141158:4409493319396:VERBOSE1:(0)] [T= 69670489] [2017-01-12-14-11-58-956:302][EAP_service.cc(84)][EAPService:UpdateRequest] [INNER]  EAPPolicyUpdatedRequest::ToBuffer, device_host_id: 157420, policy_set_id: 1, policy_set_version: 1482742323144, len: 9012, policy_set_content: [{"policy_set_id":1,"name":"com.senlime.compliance.basic","description":"合规检查","params":{"valid_check_space":"720"},"target_type":0,"created":1482473990000,"updated":1482473990000,"is_enabled":true},{"policy_set_id":1,"name":"com.senlime.compliance.connection","description":"连接性验证","params":{"max_offline_time":"1d","check_fail_op":"2","delay_apply_time":"0"},"target_type":0,"created":1482473990000,"updated":1482473990000,"is_enabled":true},{"policy_set_id":1,"name":"com.senlime.compliance.encryption","description":"数据加密验证","params":{"disable_no_enable_data_encryption_device":true,"check_fail_op":"3","delay_apply_time":"0"},"target_type":0,"created":1482473990000,"updated":1482473990000,"is_enabled":true},{"policy_set_id":1,"name":"com.senlim
[298816:0112/141158:4409493319459:VERBOSE1:(0)] [T= 69670489] [2017-01-12-14-11-58-956:366][EAP_service.cc(103)][EAPService:UpdateRequest] [INNER]  EAPPolicyUpdatedRequest::ToBuffer, buf len: 9032, device_host_id: 157420, policy_set_id: 1, policy_set_version: 1482742323144, policy_set_content: [{"policy_set_id":1,"name":"com.senlime.compliance.basic","description":"合规检查","params":{"valid_check_space":"720"},"target_type":0,"created":1482473990000,"updated":1482473990000,"is_enabled":true},{"policy_set_id":1,"name":"com.senlime.compliance.connection","description":"连接性验证","params":{"max_offline_time":"1d","check_fail_op":"2","delay_apply_time":"0"},"target_type":0,"created":1482473990000,"updated":1482473990000,"is_enabled":true},{"policy_set_id":1,"name":"com.senlime.compliance.encryption","description":"数据加密验证","params":{"disable_no_enable_data_encryption_device":true,"check_fail_op":"3","delay_apply_time":"0"},"target_type":0,"created":1482473990000,"updated":1482473990000,"is_enabled":true},{"policy_set_id":1,"name":"com.s
[298816:0112/141159:4409493446941:VERBOSE1:(0)] [T= 69670606] [2017-01-12-14-11-59-83:886][EAP_service.cc(178)][NexusDns:ServiceWorker] [INNER]  EAPServiceWorker::DoConfirmPolicyVersion host_id: 157420, confirm_device_security_policy_version begin
[298816:0112/141159:4409493454879:VERBOSE1:(0)] [T= 69670613] [2017-01-12-14-11-59-91:813][EAP_service.cc(180)][NexusDns:ServiceWorker] [INNER]  EAPServiceWorker::DoConfirmPolicyVersion host_id: 157420, confirm_device_security_policy_version end
